<?xml version="1.0" encoding="UTF-8"?>
<!-- Generated by org.testng.reporters.JUnitXMLReporter -->
<testsuite hostname="DESKTOP-4FV6CFN" name="Test" tests="50" failures="12" timestamp="17 Dec 2017 11:41:36 GMT" time="1173.978" errors="0">
  <testcase name="testBackLogin" time="27.709" classname="Login2.UserLoginTest2"/>
  <testcase name="testBackLogin2" time="27.969" classname="Login2.UserLoginTest2"/>
  <testcase name="testBackLogin3" time="50.333" classname="Login2.UserLoginTest2"/>
  <testcase name="testBackLogin4" time="50.232" classname="Login2.UserLoginTest2"/>
  <testcase name="testBackLogin5" time="27.595" classname="Login2.UserLoginTest2"/>
  <testcase name="userlogin" time="16.106" classname="Login2.LoginTest"/>
  <testcase name="testForget" time="18.148" classname="Login1.LoginTest7"/>
  <testcase name="testForget" time="18.66" classname="Login1.LoginTest8"/>
  <testcase name="testForget" time="18.331" classname="Login1.LoginTest9"/>
  <testcase name="testForget" time="16.916" classname="Login1.LoginTest10"/>
  <testcase name="testForget" time="18.408" classname="Login1.LoginTest11"/>
  <testcase name="testForget" time="18.43" classname="Login1.LoginTest12"/>
  <testcase name="testForget" time="17.489" classname="Login1.LoginTest13"/>
  <testcase name="testForget" time="16.475" classname="Login1.LoginTest14"/>
  <testcase name="testForget" time="17.154" classname="Login1.LoginTest15"/>
  <testcase name="testForget" time="12.347" classname="Login1.LoginTest16"/>
  <testcase name="userquit" time="12.223" classname="Logout.LogoutTest">
    <failure type="org.openqa.selenium.NoSuchElementException" message="Unable to locate element: html/body/div[1]/div/ul[2]/li[1]/a[2]
For documentation on this error, please visit: http://seleniumhq.org/exceptions/no_such_element.html
Build info: version: &amp;apos;3.6.0&amp;apos;, revision: &amp;apos;6fbf3ec767&amp;apos;, time: &amp;apos;2017-09-27T16:15:40.131Z&amp;apos;
System info: host: &amp;apos;DESKTOP-4FV6CFN&amp;apos;, ip: &amp;apos;192.168.157.1&amp;apos;, os.name: &amp;apos;Windows 10&amp;apos;, os.arch: &amp;apos;amd64&amp;apos;, os.version: &amp;apos;10.0&amp;apos;, java.version: &amp;apos;1.8.0_121&amp;apos;
Driver info: org.openqa.selenium.firefox.FirefoxDriver
Capabilities [{moz:profile=C:\Users\郗睿杰\AppData\Local\Temp\rust_mozprofile.0aS0HhKRdkkD, rotatable=false, timeouts={implicit=0, pageLoad=300000, script=30000}, pageLoadStrategy=normal, platform=XP, specificationLevel=0, moz:accessibilityChecks=false, acceptInsecureCerts=true, browserVersion=55.0.3, platformVersion=10.0, moz:processID=13896, browserName=firefox, javascriptEnabled=true, platformName=XP}]
Session ID: 703eb14f-3579-4bb6-8593-10a0cdd15572
*** Element info: {Using=xpath, value=html/body/div[1]/div/ul[2]/li[1]/a[2]}">
      <![CDATA[org.openqa.selenium.NoSuchElementException: Unable to locate element: html/body/div[1]/div/ul[2]/li[1]/a[2]
For documentation on this error, please visit: http://seleniumhq.org/exceptions/no_such_element.html
Build info: version: '3.6.0', revision: '6fbf3ec767', time: '2017-09-27T16:15:40.131Z'
System info: host: 'DESKTOP-4FV6CFN', ip: '192.168.157.1', os.name: 'Windows 10', os.arch: 'amd64', os.version: '10.0', java.version: '1.8.0_121'
Driver info: org.openqa.selenium.firefox.FirefoxDriver
Capabilities [{moz:profile=C:\Users\郗睿杰\AppData\Local\Temp\rust_mozprofile.0aS0HhKRdkkD, rotatable=false, timeouts={implicit=0, pageLoad=300000, script=30000}, pageLoadStrategy=normal, platform=XP, specificationLevel=0, moz:accessibilityChecks=false, acceptInsecureCerts=true, browserVersion=55.0.3, platformVersion=10.0, moz:processID=13896, browserName=firefox, javascriptEnabled=true, platformName=XP}]
Session ID: 703eb14f-3579-4bb6-8593-10a0cdd15572
*** Element info: {Using=xpath, value=html/body/div[1]/div/ul[2]/li[1]/a[2]}
	at org.openqa.selenium.remote.http.W3CHttpResponseCodec.createException(W3CHttpResponseCodec.java:185)
	at org.openqa.selenium.remote.http.W3CHttpResponseCodec.decode(W3CHttpResponseCodec.java:120)
	at org.openqa.selenium.remote.http.W3CHttpResponseCodec.decode(W3CHttpResponseCodec.java:49)
	at org.openqa.selenium.remote.HttpCommandExecutor.execute(HttpCommandExecutor.java:164)
	at org.openqa.selenium.remote.service.DriverCommandExecutor.execute(DriverCommandExecutor.java:83)
	at org.openqa.selenium.remote.RemoteWebDriver.execute(RemoteWebDriver.java:586)
	at org.openqa.selenium.remote.RemoteWebDriver.findElement(RemoteWebDriver.java:356)
	at org.openqa.selenium.remote.RemoteWebDriver.findElementByXPath(RemoteWebDriver.java:458)
	at org.openqa.selenium.By$ByXPath.findElement(By.java:361)
	at org.openqa.selenium.remote.RemoteWebDriver.findElement(RemoteWebDriver.java:348)
	at Logout.LogoutTest.userquit(LogoutTest.java:21)
... Removed 27 stack frames]]>
    </failure>
  </testcase> <!-- userquit -->
  <testcase name="order" time="16.683" classname="MyOrder.MyOrderTest1">
    <failure type="org.openqa.selenium.NoSuchElementException" message="Unable to locate element: html/body/div[1]/div/ul[2]/li[3]/a
For documentation on this error, please visit: http://seleniumhq.org/exceptions/no_such_element.html
Build info: version: &amp;apos;3.6.0&amp;apos;, revision: &amp;apos;6fbf3ec767&amp;apos;, time: &amp;apos;2017-09-27T16:15:40.131Z&amp;apos;
System info: host: &amp;apos;DESKTOP-4FV6CFN&amp;apos;, ip: &amp;apos;192.168.157.1&amp;apos;, os.name: &amp;apos;Windows 10&amp;apos;, os.arch: &amp;apos;amd64&amp;apos;, os.version: &amp;apos;10.0&amp;apos;, java.version: &amp;apos;1.8.0_121&amp;apos;
Driver info: org.openqa.selenium.firefox.FirefoxDriver
Capabilities [{moz:profile=C:\Users\郗睿杰\AppData\Local\Temp\rust_mozprofile.TRwlN4JkB0eh, rotatable=false, timeouts={implicit=0, pageLoad=300000, script=30000}, pageLoadStrategy=normal, platform=XP, specificationLevel=0, moz:accessibilityChecks=false, acceptInsecureCerts=true, browserVersion=55.0.3, platformVersion=10.0, moz:processID=16128, browserName=firefox, javascriptEnabled=true, platformName=XP}]
Session ID: 4988e03d-8fb7-42d1-93e9-45488bd5bea9
*** Element info: {Using=xpath, value=html/body/div[1]/div/ul[2]/li[3]/a}">
      <![CDATA[org.openqa.selenium.NoSuchElementException: Unable to locate element: html/body/div[1]/div/ul[2]/li[3]/a
For documentation on this error, please visit: http://seleniumhq.org/exceptions/no_such_element.html
Build info: version: '3.6.0', revision: '6fbf3ec767', time: '2017-09-27T16:15:40.131Z'
System info: host: 'DESKTOP-4FV6CFN', ip: '192.168.157.1', os.name: 'Windows 10', os.arch: 'amd64', os.version: '10.0', java.version: '1.8.0_121'
Driver info: org.openqa.selenium.firefox.FirefoxDriver
Capabilities [{moz:profile=C:\Users\郗睿杰\AppData\Local\Temp\rust_mozprofile.TRwlN4JkB0eh, rotatable=false, timeouts={implicit=0, pageLoad=300000, script=30000}, pageLoadStrategy=normal, platform=XP, specificationLevel=0, moz:accessibilityChecks=false, acceptInsecureCerts=true, browserVersion=55.0.3, platformVersion=10.0, moz:processID=16128, browserName=firefox, javascriptEnabled=true, platformName=XP}]
Session ID: 4988e03d-8fb7-42d1-93e9-45488bd5bea9
*** Element info: {Using=xpath, value=html/body/div[1]/div/ul[2]/li[3]/a}
	at org.openqa.selenium.remote.http.W3CHttpResponseCodec.createException(W3CHttpResponseCodec.java:185)
	at org.openqa.selenium.remote.http.W3CHttpResponseCodec.decode(W3CHttpResponseCodec.java:120)
	at org.openqa.selenium.remote.http.W3CHttpResponseCodec.decode(W3CHttpResponseCodec.java:49)
	at org.openqa.selenium.remote.HttpCommandExecutor.execute(HttpCommandExecutor.java:164)
	at org.openqa.selenium.remote.service.DriverCommandExecutor.execute(DriverCommandExecutor.java:83)
	at org.openqa.selenium.remote.RemoteWebDriver.execute(RemoteWebDriver.java:586)
	at org.openqa.selenium.remote.RemoteWebDriver.findElement(RemoteWebDriver.java:356)
	at org.openqa.selenium.remote.RemoteWebDriver.findElementByXPath(RemoteWebDriver.java:458)
	at org.openqa.selenium.By$ByXPath.findElement(By.java:361)
	at org.openqa.selenium.remote.RemoteWebDriver.findElement(RemoteWebDriver.java:348)
	at MyOrder.MyOrderTest1.order(MyOrderTest1.java:21)
... Removed 27 stack frames]]>
    </failure>
  </testcase> <!-- order -->
  <testcase name="order" time="17.223" classname="MyOrder.MyOrderTest2">
    <failure type="org.openqa.selenium.NoSuchElementException" message="Unable to locate element: html/body/div[1]/div/ul[2]/li[3]/a
For documentation on this error, please visit: http://seleniumhq.org/exceptions/no_such_element.html
Build info: version: &amp;apos;3.6.0&amp;apos;, revision: &amp;apos;6fbf3ec767&amp;apos;, time: &amp;apos;2017-09-27T16:15:40.131Z&amp;apos;
System info: host: &amp;apos;DESKTOP-4FV6CFN&amp;apos;, ip: &amp;apos;192.168.157.1&amp;apos;, os.name: &amp;apos;Windows 10&amp;apos;, os.arch: &amp;apos;amd64&amp;apos;, os.version: &amp;apos;10.0&amp;apos;, java.version: &amp;apos;1.8.0_121&amp;apos;
Driver info: org.openqa.selenium.firefox.FirefoxDriver
Capabilities [{moz:profile=C:\Users\郗睿杰\AppData\Local\Temp\rust_mozprofile.j2ytF1mtza4J, rotatable=false, timeouts={implicit=0, pageLoad=300000, script=30000}, pageLoadStrategy=normal, platform=XP, specificationLevel=0, moz:accessibilityChecks=false, acceptInsecureCerts=true, browserVersion=55.0.3, platformVersion=10.0, moz:processID=10496, browserName=firefox, javascriptEnabled=true, platformName=XP}]
Session ID: 8f2882fb-5352-4dc6-911d-abee3c3c8693
*** Element info: {Using=xpath, value=html/body/div[1]/div/ul[2]/li[3]/a}">
      <![CDATA[org.openqa.selenium.NoSuchElementException: Unable to locate element: html/body/div[1]/div/ul[2]/li[3]/a
For documentation on this error, please visit: http://seleniumhq.org/exceptions/no_such_element.html
Build info: version: '3.6.0', revision: '6fbf3ec767', time: '2017-09-27T16:15:40.131Z'
System info: host: 'DESKTOP-4FV6CFN', ip: '192.168.157.1', os.name: 'Windows 10', os.arch: 'amd64', os.version: '10.0', java.version: '1.8.0_121'
Driver info: org.openqa.selenium.firefox.FirefoxDriver
Capabilities [{moz:profile=C:\Users\郗睿杰\AppData\Local\Temp\rust_mozprofile.j2ytF1mtza4J, rotatable=false, timeouts={implicit=0, pageLoad=300000, script=30000}, pageLoadStrategy=normal, platform=XP, specificationLevel=0, moz:accessibilityChecks=false, acceptInsecureCerts=true, browserVersion=55.0.3, platformVersion=10.0, moz:processID=10496, browserName=firefox, javascriptEnabled=true, platformName=XP}]
Session ID: 8f2882fb-5352-4dc6-911d-abee3c3c8693
*** Element info: {Using=xpath, value=html/body/div[1]/div/ul[2]/li[3]/a}
	at org.openqa.selenium.remote.http.W3CHttpResponseCodec.createException(W3CHttpResponseCodec.java:185)
	at org.openqa.selenium.remote.http.W3CHttpResponseCodec.decode(W3CHttpResponseCodec.java:120)
	at org.openqa.selenium.remote.http.W3CHttpResponseCodec.decode(W3CHttpResponseCodec.java:49)
	at org.openqa.selenium.remote.HttpCommandExecutor.execute(HttpCommandExecutor.java:164)
	at org.openqa.selenium.remote.service.DriverCommandExecutor.execute(DriverCommandExecutor.java:83)
	at org.openqa.selenium.remote.RemoteWebDriver.execute(RemoteWebDriver.java:586)
	at org.openqa.selenium.remote.RemoteWebDriver.findElement(RemoteWebDriver.java:356)
	at org.openqa.selenium.remote.RemoteWebDriver.findElementByXPath(RemoteWebDriver.java:458)
	at org.openqa.selenium.By$ByXPath.findElement(By.java:361)
	at org.openqa.selenium.remote.RemoteWebDriver.findElement(RemoteWebDriver.java:348)
	at MyOrder.MyOrderTest2.order(MyOrderTest2.java:21)
... Removed 27 stack frames]]>
    </failure>
  </testcase> <!-- order -->
  <testcase name="order" time="14.225" classname="MyOrder.MyOrderTest3">
    <failure type="org.openqa.selenium.NoSuchElementException" message="Unable to locate element: html/body/div[1]/div/ul[2]/li[3]/a
For documentation on this error, please visit: http://seleniumhq.org/exceptions/no_such_element.html
Build info: version: &amp;apos;3.6.0&amp;apos;, revision: &amp;apos;6fbf3ec767&amp;apos;, time: &amp;apos;2017-09-27T16:15:40.131Z&amp;apos;
System info: host: &amp;apos;DESKTOP-4FV6CFN&amp;apos;, ip: &amp;apos;192.168.157.1&amp;apos;, os.name: &amp;apos;Windows 10&amp;apos;, os.arch: &amp;apos;amd64&amp;apos;, os.version: &amp;apos;10.0&amp;apos;, java.version: &amp;apos;1.8.0_121&amp;apos;
Driver info: org.openqa.selenium.firefox.FirefoxDriver
Capabilities [{moz:profile=C:\Users\郗睿杰\AppData\Local\Temp\rust_mozprofile.1s7Z9c670Owb, rotatable=false, timeouts={implicit=0, pageLoad=300000, script=30000}, pageLoadStrategy=normal, platform=XP, specificationLevel=0, moz:accessibilityChecks=false, acceptInsecureCerts=true, browserVersion=55.0.3, platformVersion=10.0, moz:processID=6448, browserName=firefox, javascriptEnabled=true, platformName=XP}]
Session ID: 18ff7286-c72c-450e-9df3-f43f342560f1
*** Element info: {Using=xpath, value=html/body/div[1]/div/ul[2]/li[3]/a}">
      <![CDATA[org.openqa.selenium.NoSuchElementException: Unable to locate element: html/body/div[1]/div/ul[2]/li[3]/a
For documentation on this error, please visit: http://seleniumhq.org/exceptions/no_such_element.html
Build info: version: '3.6.0', revision: '6fbf3ec767', time: '2017-09-27T16:15:40.131Z'
System info: host: 'DESKTOP-4FV6CFN', ip: '192.168.157.1', os.name: 'Windows 10', os.arch: 'amd64', os.version: '10.0', java.version: '1.8.0_121'
Driver info: org.openqa.selenium.firefox.FirefoxDriver
Capabilities [{moz:profile=C:\Users\郗睿杰\AppData\Local\Temp\rust_mozprofile.1s7Z9c670Owb, rotatable=false, timeouts={implicit=0, pageLoad=300000, script=30000}, pageLoadStrategy=normal, platform=XP, specificationLevel=0, moz:accessibilityChecks=false, acceptInsecureCerts=true, browserVersion=55.0.3, platformVersion=10.0, moz:processID=6448, browserName=firefox, javascriptEnabled=true, platformName=XP}]
Session ID: 18ff7286-c72c-450e-9df3-f43f342560f1
*** Element info: {Using=xpath, value=html/body/div[1]/div/ul[2]/li[3]/a}
	at org.openqa.selenium.remote.http.W3CHttpResponseCodec.createException(W3CHttpResponseCodec.java:185)
	at org.openqa.selenium.remote.http.W3CHttpResponseCodec.decode(W3CHttpResponseCodec.java:120)
	at org.openqa.selenium.remote.http.W3CHttpResponseCodec.decode(W3CHttpResponseCodec.java:49)
	at org.openqa.selenium.remote.HttpCommandExecutor.execute(HttpCommandExecutor.java:164)
	at org.openqa.selenium.remote.service.DriverCommandExecutor.execute(DriverCommandExecutor.java:83)
	at org.openqa.selenium.remote.RemoteWebDriver.execute(RemoteWebDriver.java:586)
	at org.openqa.selenium.remote.RemoteWebDriver.findElement(RemoteWebDriver.java:356)
	at org.openqa.selenium.remote.RemoteWebDriver.findElementByXPath(RemoteWebDriver.java:458)
	at org.openqa.selenium.By$ByXPath.findElement(By.java:361)
	at org.openqa.selenium.remote.RemoteWebDriver.findElement(RemoteWebDriver.java:348)
	at MyOrder.MyOrderTest3.order(MyOrderTest3.java:21)
... Removed 27 stack frames]]>
    </failure>
  </testcase> <!-- order -->
  <testcase name="information" time="16.242" classname="PersonalInformation.PITest1">
    <failure type="org.openqa.selenium.NoSuchElementException" message="Unable to locate element: html/body/div[1]/div/ul[2]/li[1]/a[1]
For documentation on this error, please visit: http://seleniumhq.org/exceptions/no_such_element.html
Build info: version: &amp;apos;3.6.0&amp;apos;, revision: &amp;apos;6fbf3ec767&amp;apos;, time: &amp;apos;2017-09-27T16:15:40.131Z&amp;apos;
System info: host: &amp;apos;DESKTOP-4FV6CFN&amp;apos;, ip: &amp;apos;192.168.157.1&amp;apos;, os.name: &amp;apos;Windows 10&amp;apos;, os.arch: &amp;apos;amd64&amp;apos;, os.version: &amp;apos;10.0&amp;apos;, java.version: &amp;apos;1.8.0_121&amp;apos;
Driver info: org.openqa.selenium.firefox.FirefoxDriver
Capabilities [{moz:profile=C:\Users\郗睿杰\AppData\Local\Temp\rust_mozprofile.a0cTENLT1LLg, rotatable=false, timeouts={implicit=0, pageLoad=300000, script=30000}, pageLoadStrategy=normal, platform=XP, specificationLevel=0, moz:accessibilityChecks=false, acceptInsecureCerts=true, browserVersion=55.0.3, platformVersion=10.0, moz:processID=13084, browserName=firefox, javascriptEnabled=true, platformName=XP}]
Session ID: feaef75e-1227-4eea-86cb-ae0b5a2828d1
*** Element info: {Using=xpath, value=html/body/div[1]/div/ul[2]/li[1]/a[1]}">
      <![CDATA[org.openqa.selenium.NoSuchElementException: Unable to locate element: html/body/div[1]/div/ul[2]/li[1]/a[1]
For documentation on this error, please visit: http://seleniumhq.org/exceptions/no_such_element.html
Build info: version: '3.6.0', revision: '6fbf3ec767', time: '2017-09-27T16:15:40.131Z'
System info: host: 'DESKTOP-4FV6CFN', ip: '192.168.157.1', os.name: 'Windows 10', os.arch: 'amd64', os.version: '10.0', java.version: '1.8.0_121'
Driver info: org.openqa.selenium.firefox.FirefoxDriver
Capabilities [{moz:profile=C:\Users\郗睿杰\AppData\Local\Temp\rust_mozprofile.a0cTENLT1LLg, rotatable=false, timeouts={implicit=0, pageLoad=300000, script=30000}, pageLoadStrategy=normal, platform=XP, specificationLevel=0, moz:accessibilityChecks=false, acceptInsecureCerts=true, browserVersion=55.0.3, platformVersion=10.0, moz:processID=13084, browserName=firefox, javascriptEnabled=true, platformName=XP}]
Session ID: feaef75e-1227-4eea-86cb-ae0b5a2828d1
*** Element info: {Using=xpath, value=html/body/div[1]/div/ul[2]/li[1]/a[1]}
	at org.openqa.selenium.remote.http.W3CHttpResponseCodec.createException(W3CHttpResponseCodec.java:185)
	at org.openqa.selenium.remote.http.W3CHttpResponseCodec.decode(W3CHttpResponseCodec.java:120)
	at org.openqa.selenium.remote.http.W3CHttpResponseCodec.decode(W3CHttpResponseCodec.java:49)
	at org.openqa.selenium.remote.HttpCommandExecutor.execute(HttpCommandExecutor.java:164)
	at org.openqa.selenium.remote.service.DriverCommandExecutor.execute(DriverCommandExecutor.java:83)
	at org.openqa.selenium.remote.RemoteWebDriver.execute(RemoteWebDriver.java:586)
	at org.openqa.selenium.remote.RemoteWebDriver.findElement(RemoteWebDriver.java:356)
	at org.openqa.selenium.remote.RemoteWebDriver.findElementByXPath(RemoteWebDriver.java:458)
	at org.openqa.selenium.By$ByXPath.findElement(By.java:361)
	at org.openqa.selenium.remote.RemoteWebDriver.findElement(RemoteWebDriver.java:348)
	at PersonalInformation.PITest1.information(PITest1.java:21)
... Removed 27 stack frames]]>
    </failure>
  </testcase> <!-- information -->
  <testcase name="information" time="22.174" classname="PersonalInformation.PITest2">
    <failure type="org.openqa.selenium.NoSuchElementException" message="Unable to locate element: html/body/div[1]/div/ul[2]/li[1]/a[1]
For documentation on this error, please visit: http://seleniumhq.org/exceptions/no_such_element.html
Build info: version: &amp;apos;3.6.0&amp;apos;, revision: &amp;apos;6fbf3ec767&amp;apos;, time: &amp;apos;2017-09-27T16:15:40.131Z&amp;apos;
System info: host: &amp;apos;DESKTOP-4FV6CFN&amp;apos;, ip: &amp;apos;192.168.157.1&amp;apos;, os.name: &amp;apos;Windows 10&amp;apos;, os.arch: &amp;apos;amd64&amp;apos;, os.version: &amp;apos;10.0&amp;apos;, java.version: &amp;apos;1.8.0_121&amp;apos;
Driver info: org.openqa.selenium.firefox.FirefoxDriver
Capabilities [{moz:profile=C:\Users\郗睿杰\AppData\Local\Temp\rust_mozprofile.gx2HG7AAHOo9, rotatable=false, timeouts={implicit=0, pageLoad=300000, script=30000}, pageLoadStrategy=normal, platform=XP, specificationLevel=0, moz:accessibilityChecks=false, acceptInsecureCerts=true, browserVersion=55.0.3, platformVersion=10.0, moz:processID=5636, browserName=firefox, javascriptEnabled=true, platformName=XP}]
Session ID: 20528eee-f7ae-41ad-ab46-4b7be816b28e
*** Element info: {Using=xpath, value=html/body/div[1]/div/ul[2]/li[1]/a[1]}">
      <![CDATA[org.openqa.selenium.NoSuchElementException: Unable to locate element: html/body/div[1]/div/ul[2]/li[1]/a[1]
For documentation on this error, please visit: http://seleniumhq.org/exceptions/no_such_element.html
Build info: version: '3.6.0', revision: '6fbf3ec767', time: '2017-09-27T16:15:40.131Z'
System info: host: 'DESKTOP-4FV6CFN', ip: '192.168.157.1', os.name: 'Windows 10', os.arch: 'amd64', os.version: '10.0', java.version: '1.8.0_121'
Driver info: org.openqa.selenium.firefox.FirefoxDriver
Capabilities [{moz:profile=C:\Users\郗睿杰\AppData\Local\Temp\rust_mozprofile.gx2HG7AAHOo9, rotatable=false, timeouts={implicit=0, pageLoad=300000, script=30000}, pageLoadStrategy=normal, platform=XP, specificationLevel=0, moz:accessibilityChecks=false, acceptInsecureCerts=true, browserVersion=55.0.3, platformVersion=10.0, moz:processID=5636, browserName=firefox, javascriptEnabled=true, platformName=XP}]
Session ID: 20528eee-f7ae-41ad-ab46-4b7be816b28e
*** Element info: {Using=xpath, value=html/body/div[1]/div/ul[2]/li[1]/a[1]}
	at org.openqa.selenium.remote.http.W3CHttpResponseCodec.createException(W3CHttpResponseCodec.java:185)
	at org.openqa.selenium.remote.http.W3CHttpResponseCodec.decode(W3CHttpResponseCodec.java:120)
	at org.openqa.selenium.remote.http.W3CHttpResponseCodec.decode(W3CHttpResponseCodec.java:49)
	at org.openqa.selenium.remote.HttpCommandExecutor.execute(HttpCommandExecutor.java:164)
	at org.openqa.selenium.remote.service.DriverCommandExecutor.execute(DriverCommandExecutor.java:83)
	at org.openqa.selenium.remote.RemoteWebDriver.execute(RemoteWebDriver.java:586)
	at org.openqa.selenium.remote.RemoteWebDriver.findElement(RemoteWebDriver.java:356)
	at org.openqa.selenium.remote.RemoteWebDriver.findElementByXPath(RemoteWebDriver.java:458)
	at org.openqa.selenium.By$ByXPath.findElement(By.java:361)
	at org.openqa.selenium.remote.RemoteWebDriver.findElement(RemoteWebDriver.java:348)
	at PersonalInformation.PITest2.information(PITest2.java:21)
... Removed 27 stack frames]]>
    </failure>
  </testcase> <!-- information -->
  <testcase name="information" time="26.054" classname="PersonalInformation.PITest3">
    <failure type="org.openqa.selenium.NoSuchElementException" message="Unable to locate element: html/body/div[1]/div/ul[2]/li[1]/a[1]
For documentation on this error, please visit: http://seleniumhq.org/exceptions/no_such_element.html
Build info: version: &amp;apos;3.6.0&amp;apos;, revision: &amp;apos;6fbf3ec767&amp;apos;, time: &amp;apos;2017-09-27T16:15:40.131Z&amp;apos;
System info: host: &amp;apos;DESKTOP-4FV6CFN&amp;apos;, ip: &amp;apos;192.168.157.1&amp;apos;, os.name: &amp;apos;Windows 10&amp;apos;, os.arch: &amp;apos;amd64&amp;apos;, os.version: &amp;apos;10.0&amp;apos;, java.version: &amp;apos;1.8.0_121&amp;apos;
Driver info: org.openqa.selenium.firefox.FirefoxDriver
Capabilities [{moz:profile=C:\Users\郗睿杰\AppData\Local\Temp\rust_mozprofile.eVsziM0sSkve, rotatable=false, timeouts={implicit=0, pageLoad=300000, script=30000}, pageLoadStrategy=normal, platform=XP, specificationLevel=0, moz:accessibilityChecks=false, acceptInsecureCerts=true, browserVersion=55.0.3, platformVersion=10.0, moz:processID=12020, browserName=firefox, javascriptEnabled=true, platformName=XP}]
Session ID: 697833e9-5457-491e-8177-e25029d22fac
*** Element info: {Using=xpath, value=html/body/div[1]/div/ul[2]/li[1]/a[1]}">
      <![CDATA[org.openqa.selenium.NoSuchElementException: Unable to locate element: html/body/div[1]/div/ul[2]/li[1]/a[1]
For documentation on this error, please visit: http://seleniumhq.org/exceptions/no_such_element.html
Build info: version: '3.6.0', revision: '6fbf3ec767', time: '2017-09-27T16:15:40.131Z'
System info: host: 'DESKTOP-4FV6CFN', ip: '192.168.157.1', os.name: 'Windows 10', os.arch: 'amd64', os.version: '10.0', java.version: '1.8.0_121'
Driver info: org.openqa.selenium.firefox.FirefoxDriver
Capabilities [{moz:profile=C:\Users\郗睿杰\AppData\Local\Temp\rust_mozprofile.eVsziM0sSkve, rotatable=false, timeouts={implicit=0, pageLoad=300000, script=30000}, pageLoadStrategy=normal, platform=XP, specificationLevel=0, moz:accessibilityChecks=false, acceptInsecureCerts=true, browserVersion=55.0.3, platformVersion=10.0, moz:processID=12020, browserName=firefox, javascriptEnabled=true, platformName=XP}]
Session ID: 697833e9-5457-491e-8177-e25029d22fac
*** Element info: {Using=xpath, value=html/body/div[1]/div/ul[2]/li[1]/a[1]}
	at org.openqa.selenium.remote.http.W3CHttpResponseCodec.createException(W3CHttpResponseCodec.java:185)
	at org.openqa.selenium.remote.http.W3CHttpResponseCodec.decode(W3CHttpResponseCodec.java:120)
	at org.openqa.selenium.remote.http.W3CHttpResponseCodec.decode(W3CHttpResponseCodec.java:49)
	at org.openqa.selenium.remote.HttpCommandExecutor.execute(HttpCommandExecutor.java:164)
	at org.openqa.selenium.remote.service.DriverCommandExecutor.execute(DriverCommandExecutor.java:83)
	at org.openqa.selenium.remote.RemoteWebDriver.execute(RemoteWebDriver.java:586)
	at org.openqa.selenium.remote.RemoteWebDriver.findElement(RemoteWebDriver.java:356)
	at org.openqa.selenium.remote.RemoteWebDriver.findElementByXPath(RemoteWebDriver.java:458)
	at org.openqa.selenium.By$ByXPath.findElement(By.java:361)
	at org.openqa.selenium.remote.RemoteWebDriver.findElement(RemoteWebDriver.java:348)
	at PersonalInformation.PITest3.information(PITest3.java:21)
... Removed 27 stack frames]]>
    </failure>
  </testcase> <!-- information -->
  <testcase name="information" time="17.516" classname="PersonalInformation.PITest4">
    <failure type="org.openqa.selenium.NoSuchElementException" message="Unable to locate element: html/body/div[1]/div/ul[2]/li[1]/a[1]
For documentation on this error, please visit: http://seleniumhq.org/exceptions/no_such_element.html
Build info: version: &amp;apos;3.6.0&amp;apos;, revision: &amp;apos;6fbf3ec767&amp;apos;, time: &amp;apos;2017-09-27T16:15:40.131Z&amp;apos;
System info: host: &amp;apos;DESKTOP-4FV6CFN&amp;apos;, ip: &amp;apos;192.168.157.1&amp;apos;, os.name: &amp;apos;Windows 10&amp;apos;, os.arch: &amp;apos;amd64&amp;apos;, os.version: &amp;apos;10.0&amp;apos;, java.version: &amp;apos;1.8.0_121&amp;apos;
Driver info: org.openqa.selenium.firefox.FirefoxDriver
Capabilities [{moz:profile=C:\Users\郗睿杰\AppData\Local\Temp\rust_mozprofile.Qjw0gAcsgGIr, rotatable=false, timeouts={implicit=0, pageLoad=300000, script=30000}, pageLoadStrategy=normal, platform=XP, specificationLevel=0, moz:accessibilityChecks=false, acceptInsecureCerts=true, browserVersion=55.0.3, platformVersion=10.0, moz:processID=984, browserName=firefox, javascriptEnabled=true, platformName=XP}]
Session ID: 1d36d2a8-0cd4-4130-9368-a4a83e45951e
*** Element info: {Using=xpath, value=html/body/div[1]/div/ul[2]/li[1]/a[1]}">
      <![CDATA[org.openqa.selenium.NoSuchElementException: Unable to locate element: html/body/div[1]/div/ul[2]/li[1]/a[1]
For documentation on this error, please visit: http://seleniumhq.org/exceptions/no_such_element.html
Build info: version: '3.6.0', revision: '6fbf3ec767', time: '2017-09-27T16:15:40.131Z'
System info: host: 'DESKTOP-4FV6CFN', ip: '192.168.157.1', os.name: 'Windows 10', os.arch: 'amd64', os.version: '10.0', java.version: '1.8.0_121'
Driver info: org.openqa.selenium.firefox.FirefoxDriver
Capabilities [{moz:profile=C:\Users\郗睿杰\AppData\Local\Temp\rust_mozprofile.Qjw0gAcsgGIr, rotatable=false, timeouts={implicit=0, pageLoad=300000, script=30000}, pageLoadStrategy=normal, platform=XP, specificationLevel=0, moz:accessibilityChecks=false, acceptInsecureCerts=true, browserVersion=55.0.3, platformVersion=10.0, moz:processID=984, browserName=firefox, javascriptEnabled=true, platformName=XP}]
Session ID: 1d36d2a8-0cd4-4130-9368-a4a83e45951e
*** Element info: {Using=xpath, value=html/body/div[1]/div/ul[2]/li[1]/a[1]}
	at org.openqa.selenium.remote.http.W3CHttpResponseCodec.createException(W3CHttpResponseCodec.java:185)
	at org.openqa.selenium.remote.http.W3CHttpResponseCodec.decode(W3CHttpResponseCodec.java:120)
	at org.openqa.selenium.remote.http.W3CHttpResponseCodec.decode(W3CHttpResponseCodec.java:49)
	at org.openqa.selenium.remote.HttpCommandExecutor.execute(HttpCommandExecutor.java:164)
	at org.openqa.selenium.remote.service.DriverCommandExecutor.execute(DriverCommandExecutor.java:83)
	at org.openqa.selenium.remote.RemoteWebDriver.execute(RemoteWebDriver.java:586)
	at org.openqa.selenium.remote.RemoteWebDriver.findElement(RemoteWebDriver.java:356)
	at org.openqa.selenium.remote.RemoteWebDriver.findElementByXPath(RemoteWebDriver.java:458)
	at org.openqa.selenium.By$ByXPath.findElement(By.java:361)
	at org.openqa.selenium.remote.RemoteWebDriver.findElement(RemoteWebDriver.java:348)
	at PersonalInformation.PITest4.information(PITest4.java:21)
... Removed 27 stack frames]]>
    </failure>
  </testcase> <!-- information -->
  <testcase name="information" time="19.887" classname="PersonalInformation.PITest5">
    <failure type="org.openqa.selenium.NoSuchElementException" message="Unable to locate element: html/body/div[1]/div/ul[2]/li[1]/a[1]
For documentation on this error, please visit: http://seleniumhq.org/exceptions/no_such_element.html
Build info: version: &amp;apos;3.6.0&amp;apos;, revision: &amp;apos;6fbf3ec767&amp;apos;, time: &amp;apos;2017-09-27T16:15:40.131Z&amp;apos;
System info: host: &amp;apos;DESKTOP-4FV6CFN&amp;apos;, ip: &amp;apos;192.168.157.1&amp;apos;, os.name: &amp;apos;Windows 10&amp;apos;, os.arch: &amp;apos;amd64&amp;apos;, os.version: &amp;apos;10.0&amp;apos;, java.version: &amp;apos;1.8.0_121&amp;apos;
Driver info: org.openqa.selenium.firefox.FirefoxDriver
Capabilities [{moz:profile=C:\Users\郗睿杰\AppData\Local\Temp\rust_mozprofile.dcAGC2mSslXy, rotatable=false, timeouts={implicit=0, pageLoad=300000, script=30000}, pageLoadStrategy=normal, platform=XP, specificationLevel=0, moz:accessibilityChecks=false, acceptInsecureCerts=true, browserVersion=55.0.3, platformVersion=10.0, moz:processID=9540, browserName=firefox, javascriptEnabled=true, platformName=XP}]
Session ID: 3d994e02-a051-49b8-9d54-e808c6c01235
*** Element info: {Using=xpath, value=html/body/div[1]/div/ul[2]/li[1]/a[1]}">
      <![CDATA[org.openqa.selenium.NoSuchElementException: Unable to locate element: html/body/div[1]/div/ul[2]/li[1]/a[1]
For documentation on this error, please visit: http://seleniumhq.org/exceptions/no_such_element.html
Build info: version: '3.6.0', revision: '6fbf3ec767', time: '2017-09-27T16:15:40.131Z'
System info: host: 'DESKTOP-4FV6CFN', ip: '192.168.157.1', os.name: 'Windows 10', os.arch: 'amd64', os.version: '10.0', java.version: '1.8.0_121'
Driver info: org.openqa.selenium.firefox.FirefoxDriver
Capabilities [{moz:profile=C:\Users\郗睿杰\AppData\Local\Temp\rust_mozprofile.dcAGC2mSslXy, rotatable=false, timeouts={implicit=0, pageLoad=300000, script=30000}, pageLoadStrategy=normal, platform=XP, specificationLevel=0, moz:accessibilityChecks=false, acceptInsecureCerts=true, browserVersion=55.0.3, platformVersion=10.0, moz:processID=9540, browserName=firefox, javascriptEnabled=true, platformName=XP}]
Session ID: 3d994e02-a051-49b8-9d54-e808c6c01235
*** Element info: {Using=xpath, value=html/body/div[1]/div/ul[2]/li[1]/a[1]}
	at org.openqa.selenium.remote.http.W3CHttpResponseCodec.createException(W3CHttpResponseCodec.java:185)
	at org.openqa.selenium.remote.http.W3CHttpResponseCodec.decode(W3CHttpResponseCodec.java:120)
	at org.openqa.selenium.remote.http.W3CHttpResponseCodec.decode(W3CHttpResponseCodec.java:49)
	at org.openqa.selenium.remote.HttpCommandExecutor.execute(HttpCommandExecutor.java:164)
	at org.openqa.selenium.remote.service.DriverCommandExecutor.execute(DriverCommandExecutor.java:83)
	at org.openqa.selenium.remote.RemoteWebDriver.execute(RemoteWebDriver.java:586)
	at org.openqa.selenium.remote.RemoteWebDriver.findElement(RemoteWebDriver.java:356)
	at org.openqa.selenium.remote.RemoteWebDriver.findElementByXPath(RemoteWebDriver.java:458)
	at org.openqa.selenium.By$ByXPath.findElement(By.java:361)
	at org.openqa.selenium.remote.RemoteWebDriver.findElement(RemoteWebDriver.java:348)
	at PersonalInformation.PITest5.information(PITest5.java:21)
... Removed 27 stack frames]]>
    </failure>
  </testcase> <!-- information -->
  <testcase name="information" time="19.132" classname="PersonalInformation.PITest6">
    <failure type="org.openqa.selenium.NoSuchElementException" message="Unable to locate element: html/body/div[1]/div/ul[2]/li[1]/a[1]
For documentation on this error, please visit: http://seleniumhq.org/exceptions/no_such_element.html
Build info: version: &amp;apos;3.6.0&amp;apos;, revision: &amp;apos;6fbf3ec767&amp;apos;, time: &amp;apos;2017-09-27T16:15:40.131Z&amp;apos;
System info: host: &amp;apos;DESKTOP-4FV6CFN&amp;apos;, ip: &amp;apos;192.168.157.1&amp;apos;, os.name: &amp;apos;Windows 10&amp;apos;, os.arch: &amp;apos;amd64&amp;apos;, os.version: &amp;apos;10.0&amp;apos;, java.version: &amp;apos;1.8.0_121&amp;apos;
Driver info: org.openqa.selenium.firefox.FirefoxDriver
Capabilities [{moz:profile=C:\Users\郗睿杰\AppData\Local\Temp\rust_mozprofile.EqUFamMRqOAC, rotatable=false, timeouts={implicit=0, pageLoad=300000, script=30000}, pageLoadStrategy=normal, platform=XP, specificationLevel=0, moz:accessibilityChecks=false, acceptInsecureCerts=true, browserVersion=55.0.3, platformVersion=10.0, moz:processID=7500, browserName=firefox, javascriptEnabled=true, platformName=XP}]
Session ID: 70d03a84-0a40-4ce7-b61a-99a76de1817e
*** Element info: {Using=xpath, value=html/body/div[1]/div/ul[2]/li[1]/a[1]}">
      <![CDATA[org.openqa.selenium.NoSuchElementException: Unable to locate element: html/body/div[1]/div/ul[2]/li[1]/a[1]
For documentation on this error, please visit: http://seleniumhq.org/exceptions/no_such_element.html
Build info: version: '3.6.0', revision: '6fbf3ec767', time: '2017-09-27T16:15:40.131Z'
System info: host: 'DESKTOP-4FV6CFN', ip: '192.168.157.1', os.name: 'Windows 10', os.arch: 'amd64', os.version: '10.0', java.version: '1.8.0_121'
Driver info: org.openqa.selenium.firefox.FirefoxDriver
Capabilities [{moz:profile=C:\Users\郗睿杰\AppData\Local\Temp\rust_mozprofile.EqUFamMRqOAC, rotatable=false, timeouts={implicit=0, pageLoad=300000, script=30000}, pageLoadStrategy=normal, platform=XP, specificationLevel=0, moz:accessibilityChecks=false, acceptInsecureCerts=true, browserVersion=55.0.3, platformVersion=10.0, moz:processID=7500, browserName=firefox, javascriptEnabled=true, platformName=XP}]
Session ID: 70d03a84-0a40-4ce7-b61a-99a76de1817e
*** Element info: {Using=xpath, value=html/body/div[1]/div/ul[2]/li[1]/a[1]}
	at org.openqa.selenium.remote.http.W3CHttpResponseCodec.createException(W3CHttpResponseCodec.java:185)
	at org.openqa.selenium.remote.http.W3CHttpResponseCodec.decode(W3CHttpResponseCodec.java:120)
	at org.openqa.selenium.remote.http.W3CHttpResponseCodec.decode(W3CHttpResponseCodec.java:49)
	at org.openqa.selenium.remote.HttpCommandExecutor.execute(HttpCommandExecutor.java:164)
	at org.openqa.selenium.remote.service.DriverCommandExecutor.execute(DriverCommandExecutor.java:83)
	at org.openqa.selenium.remote.RemoteWebDriver.execute(RemoteWebDriver.java:586)
	at org.openqa.selenium.remote.RemoteWebDriver.findElement(RemoteWebDriver.java:356)
	at org.openqa.selenium.remote.RemoteWebDriver.findElementByXPath(RemoteWebDriver.java:458)
	at org.openqa.selenium.By$ByXPath.findElement(By.java:361)
	at org.openqa.selenium.remote.RemoteWebDriver.findElement(RemoteWebDriver.java:348)
	at PersonalInformation.PITest6.information(PITest6.java:21)
... Removed 27 stack frames]]>
    </failure>
  </testcase> <!-- information -->
  <testcase name="information" time="25.53" classname="PersonalInformation.PITest7">
    <failure type="org.openqa.selenium.NoSuchElementException" message="Unable to locate element: html/body/div[1]/div/ul[2]/li[1]/a[1]
For documentation on this error, please visit: http://seleniumhq.org/exceptions/no_such_element.html
Build info: version: &amp;apos;3.6.0&amp;apos;, revision: &amp;apos;6fbf3ec767&amp;apos;, time: &amp;apos;2017-09-27T16:15:40.131Z&amp;apos;
System info: host: &amp;apos;DESKTOP-4FV6CFN&amp;apos;, ip: &amp;apos;192.168.157.1&amp;apos;, os.name: &amp;apos;Windows 10&amp;apos;, os.arch: &amp;apos;amd64&amp;apos;, os.version: &amp;apos;10.0&amp;apos;, java.version: &amp;apos;1.8.0_121&amp;apos;
Driver info: org.openqa.selenium.firefox.FirefoxDriver
Capabilities [{moz:profile=C:\Users\郗睿杰\AppData\Local\Temp\rust_mozprofile.pUZk8jexvyGE, rotatable=false, timeouts={implicit=0, pageLoad=300000, script=30000}, pageLoadStrategy=normal, platform=XP, specificationLevel=0, moz:accessibilityChecks=false, acceptInsecureCerts=true, browserVersion=55.0.3, platformVersion=10.0, moz:processID=6724, browserName=firefox, javascriptEnabled=true, platformName=XP}]
Session ID: 3140b51f-80ea-4bf7-8acf-921dbf316214
*** Element info: {Using=xpath, value=html/body/div[1]/div/ul[2]/li[1]/a[1]}">
      <![CDATA[org.openqa.selenium.NoSuchElementException: Unable to locate element: html/body/div[1]/div/ul[2]/li[1]/a[1]
For documentation on this error, please visit: http://seleniumhq.org/exceptions/no_such_element.html
Build info: version: '3.6.0', revision: '6fbf3ec767', time: '2017-09-27T16:15:40.131Z'
System info: host: 'DESKTOP-4FV6CFN', ip: '192.168.157.1', os.name: 'Windows 10', os.arch: 'amd64', os.version: '10.0', java.version: '1.8.0_121'
Driver info: org.openqa.selenium.firefox.FirefoxDriver
Capabilities [{moz:profile=C:\Users\郗睿杰\AppData\Local\Temp\rust_mozprofile.pUZk8jexvyGE, rotatable=false, timeouts={implicit=0, pageLoad=300000, script=30000}, pageLoadStrategy=normal, platform=XP, specificationLevel=0, moz:accessibilityChecks=false, acceptInsecureCerts=true, browserVersion=55.0.3, platformVersion=10.0, moz:processID=6724, browserName=firefox, javascriptEnabled=true, platformName=XP}]
Session ID: 3140b51f-80ea-4bf7-8acf-921dbf316214
*** Element info: {Using=xpath, value=html/body/div[1]/div/ul[2]/li[1]/a[1]}
	at org.openqa.selenium.remote.http.W3CHttpResponseCodec.createException(W3CHttpResponseCodec.java:185)
	at org.openqa.selenium.remote.http.W3CHttpResponseCodec.decode(W3CHttpResponseCodec.java:120)
	at org.openqa.selenium.remote.http.W3CHttpResponseCodec.decode(W3CHttpResponseCodec.java:49)
	at org.openqa.selenium.remote.HttpCommandExecutor.execute(HttpCommandExecutor.java:164)
	at org.openqa.selenium.remote.service.DriverCommandExecutor.execute(DriverCommandExecutor.java:83)
	at org.openqa.selenium.remote.RemoteWebDriver.execute(RemoteWebDriver.java:586)
	at org.openqa.selenium.remote.RemoteWebDriver.findElement(RemoteWebDriver.java:356)
	at org.openqa.selenium.remote.RemoteWebDriver.findElementByXPath(RemoteWebDriver.java:458)
	at org.openqa.selenium.By$ByXPath.findElement(By.java:361)
	at org.openqa.selenium.remote.RemoteWebDriver.findElement(RemoteWebDriver.java:348)
	at PersonalInformation.PITest7.information(PITest7.java:21)
... Removed 27 stack frames]]>
    </failure>
  </testcase> <!-- information -->
  <testcase name="information" time="21.254" classname="PersonalInformation.PITest8">
    <failure type="org.openqa.selenium.NoSuchElementException" message="Unable to locate element: html/body/div[1]/div/ul[2]/li[1]/a[1]
For documentation on this error, please visit: http://seleniumhq.org/exceptions/no_such_element.html
Build info: version: &amp;apos;3.6.0&amp;apos;, revision: &amp;apos;6fbf3ec767&amp;apos;, time: &amp;apos;2017-09-27T16:15:40.131Z&amp;apos;
System info: host: &amp;apos;DESKTOP-4FV6CFN&amp;apos;, ip: &amp;apos;192.168.157.1&amp;apos;, os.name: &amp;apos;Windows 10&amp;apos;, os.arch: &amp;apos;amd64&amp;apos;, os.version: &amp;apos;10.0&amp;apos;, java.version: &amp;apos;1.8.0_121&amp;apos;
Driver info: org.openqa.selenium.firefox.FirefoxDriver
Capabilities [{moz:profile=C:\Users\郗睿杰\AppData\Local\Temp\rust_mozprofile.13RSAk1BAycH, rotatable=false, timeouts={implicit=0, pageLoad=300000, script=30000}, pageLoadStrategy=normal, platform=XP, specificationLevel=0, moz:accessibilityChecks=false, acceptInsecureCerts=true, browserVersion=55.0.3, platformVersion=10.0, moz:processID=9500, browserName=firefox, javascriptEnabled=true, platformName=XP}]
Session ID: 6fc99ed1-e360-4d83-9991-df7d940cdbd3
*** Element info: {Using=xpath, value=html/body/div[1]/div/ul[2]/li[1]/a[1]}">
      <![CDATA[org.openqa.selenium.NoSuchElementException: Unable to locate element: html/body/div[1]/div/ul[2]/li[1]/a[1]
For documentation on this error, please visit: http://seleniumhq.org/exceptions/no_such_element.html
Build info: version: '3.6.0', revision: '6fbf3ec767', time: '2017-09-27T16:15:40.131Z'
System info: host: 'DESKTOP-4FV6CFN', ip: '192.168.157.1', os.name: 'Windows 10', os.arch: 'amd64', os.version: '10.0', java.version: '1.8.0_121'
Driver info: org.openqa.selenium.firefox.FirefoxDriver
Capabilities [{moz:profile=C:\Users\郗睿杰\AppData\Local\Temp\rust_mozprofile.13RSAk1BAycH, rotatable=false, timeouts={implicit=0, pageLoad=300000, script=30000}, pageLoadStrategy=normal, platform=XP, specificationLevel=0, moz:accessibilityChecks=false, acceptInsecureCerts=true, browserVersion=55.0.3, platformVersion=10.0, moz:processID=9500, browserName=firefox, javascriptEnabled=true, platformName=XP}]
Session ID: 6fc99ed1-e360-4d83-9991-df7d940cdbd3
*** Element info: {Using=xpath, value=html/body/div[1]/div/ul[2]/li[1]/a[1]}
	at org.openqa.selenium.remote.http.W3CHttpResponseCodec.createException(W3CHttpResponseCodec.java:185)
	at org.openqa.selenium.remote.http.W3CHttpResponseCodec.decode(W3CHttpResponseCodec.java:120)
	at org.openqa.selenium.remote.http.W3CHttpResponseCodec.decode(W3CHttpResponseCodec.java:49)
	at org.openqa.selenium.remote.HttpCommandExecutor.execute(HttpCommandExecutor.java:164)
	at org.openqa.selenium.remote.service.DriverCommandExecutor.execute(DriverCommandExecutor.java:83)
	at org.openqa.selenium.remote.RemoteWebDriver.execute(RemoteWebDriver.java:586)
	at org.openqa.selenium.remote.RemoteWebDriver.findElement(RemoteWebDriver.java:356)
	at org.openqa.selenium.remote.RemoteWebDriver.findElementByXPath(RemoteWebDriver.java:458)
	at org.openqa.selenium.By$ByXPath.findElement(By.java:361)
	at org.openqa.selenium.remote.RemoteWebDriver.findElement(RemoteWebDriver.java:348)
	at PersonalInformation.PITest8.information(PITest8.java:21)
... Removed 27 stack frames]]>
    </failure>
  </testcase> <!-- information -->
  <testcase name="testBackLogin" time="30.712" classname="Register.UserRegisterTest"/>
  <testcase name="testBackLogin10" time="28.35" classname="Register.UserRegisterTest"/>
  <testcase name="testBackLogin11" time="28.31" classname="Register.UserRegisterTest"/>
  <testcase name="testBackLogin12" time="27.902" classname="Register.UserRegisterTest"/>
  <testcase name="testBackLogin13" time="27.857" classname="Register.UserRegisterTest"/>
  <testcase name="testBackLogin14" time="27.903" classname="Register.UserRegisterTest"/>
  <testcase name="testBackLogin2" time="28.018" classname="Register.UserRegisterTest"/>
  <testcase name="testBackLogin3" time="27.831" classname="Register.UserRegisterTest"/>
  <testcase name="testBackLogin4" time="27.798" classname="Register.UserRegisterTest"/>
  <testcase name="testBackLogin5" time="27.685" classname="Register.UserRegisterTest"/>
  <testcase name="testBackLogin6" time="28.154" classname="Register.UserRegisterTest"/>
  <testcase name="testBackLogin7" time="27.704" classname="Register.UserRegisterTest"/>
  <testcase name="testBackLogin8" time="27.717" classname="Register.UserRegisterTest"/>
  <testcase name="testBackLogin9" time="27.764" classname="Register.UserRegisterTest"/>
  <testcase name="register" time="18.659" classname="Register.RegisterTest"/>
  <testcase name="register" time="17.396" classname="Register.RegisterTest2"/>
  <testcase name="register" time="17.793" classname="Register.RegisterTest3"/>
  <testcase name="register" time="19.048" classname="Register.RegisterTest4"/>
  <testcase name="register" time="17.583" classname="Register.RegisterTest5"/>
  <testcase name="register" time="17.933" classname="Register.RegisterTest6"/>
  <testcase name="register" time="17.863" classname="Register.RegisterTest7"/>
  <testcase name="register" time="18.48" classname="Register.RegisterTest8"/>
</testsuite> <!-- Test -->
