<!DOCTYPE html PUBLIC "-//W3C//DTD XHTML 1.1//EN" "http://www.w3.org/TR/xhtml11/DTD/xhtml11.dtd">
<html xmlns="http://www.w3.org/1999/xhtml"><head><title>TestNG Report</title><style type="text/css">table {margin-bottom:10px;border-collapse:collapse;empty-cells:show}th,td {border:1px solid #009;padding:.25em .5em}th {vertical-align:bottom}td {vertical-align:top}table a {font-weight:bold}.stripe td {background-color: #E6EBF9}.num {text-align:right}.passedodd td {background-color: #3F3}.passedeven td {background-color: #0A0}.skippedodd td {background-color: #DDD}.skippedeven td {background-color: #CCC}.failedodd td,.attn {background-color: #F33}.failedeven td,.stripe .attn {background-color: #D00}.stacktrace {white-space:pre;font-family:monospace}.totop {font-size:85%;text-align:center;border-bottom:2px solid #000}</style></head><body><table><tr><th>Test</th><th># Passed</th><th># Skipped</th><th># Failed</th><th>Time (ms)</th><th>Included Groups</th><th>Excluded Groups</th></tr><tr><th colspan="7">Suite</th></tr><tr><td><a href="#t0">Test</a></td><td class="num">38</td><td class="num">0</td><td class="num attn">12</td><td class="num">1,173,978</td><td></td><td></td></tr></table><table><thead><tr><th>Class</th><th>Method</th><th>Start</th><th>Time (ms)</th></tr></thead><tbody><tr><th colspan="4">Suite</th></tr></tbody><tbody id="t0"><tr><th colspan="4">Test &#8212; failed</th></tr><tr class="failedeven"><td rowspan="1">Logout.LogoutTest</td><td><a href="#m0">userquit</a></td><td rowspan="1">1513510109774</td><td rowspan="1">12223</td></tr><tr class="failedodd"><td rowspan="1">MyOrder.MyOrderTest1</td><td><a href="#m1">order</a></td><td rowspan="1">1513510121999</td><td rowspan="1">16683</td></tr><tr class="failedeven"><td rowspan="1">MyOrder.MyOrderTest2</td><td><a href="#m2">order</a></td><td rowspan="1">1513510138689</td><td rowspan="1">17223</td></tr><tr class="failedodd"><td rowspan="1">MyOrder.MyOrderTest3</td><td><a href="#m3">order</a></td><td rowspan="1">1513510155912</td><td rowspan="1">14225</td></tr><tr class="failedeven"><td rowspan="1">PersonalInformation.PITest1</td><td><a href="#m4">information</a></td><td rowspan="1">1513510170138</td><td rowspan="1">16242</td></tr><tr class="failedodd"><td rowspan="1">PersonalInformation.PITest2</td><td><a href="#m5">information</a></td><td rowspan="1">1513510186382</td><td rowspan="1">22174</td></tr><tr class="failedeven"><td rowspan="1">PersonalInformation.PITest3</td><td><a href="#m6">information</a></td><td rowspan="1">1513510208557</td><td rowspan="1">26054</td></tr><tr class="failedodd"><td rowspan="1">PersonalInformation.PITest4</td><td><a href="#m7">information</a></td><td rowspan="1">1513510234612</td><td rowspan="1">17516</td></tr><tr class="failedeven"><td rowspan="1">PersonalInformation.PITest5</td><td><a href="#m8">information</a></td><td rowspan="1">1513510252129</td><td rowspan="1">19887</td></tr><tr class="failedodd"><td rowspan="1">PersonalInformation.PITest6</td><td><a href="#m9">information</a></td><td rowspan="1">1513510272017</td><td rowspan="1">19132</td></tr><tr class="failedeven"><td rowspan="1">PersonalInformation.PITest7</td><td><a href="#m10">information</a></td><td rowspan="1">1513510291149</td><td rowspan="1">25530</td></tr><tr class="failedodd"><td rowspan="1">PersonalInformation.PITest8</td><td><a href="#m11">information</a></td><td rowspan="1">1513510316679</td><td rowspan="1">21254</td></tr><tr><th colspan="4">Test &#8212; passed</th></tr><tr class="passedeven"><td rowspan="1">Login1.LoginTest10</td><td><a href="#m12">testForget</a></td><td rowspan="1">1513509992551</td><td rowspan="1">16916</td></tr><tr class="passedodd"><td rowspan="1">Login1.LoginTest11</td><td><a href="#m13">testForget</a></td><td rowspan="1">1513510009468</td><td rowspan="1">18408</td></tr><tr class="passedeven"><td rowspan="1">Login1.LoginTest12</td><td><a href="#m14">testForget</a></td><td rowspan="1">1513510027877</td><td rowspan="1">18430</td></tr><tr class="passedodd"><td rowspan="1">Login1.LoginTest13</td><td><a href="#m15">testForget</a></td><td rowspan="1">1513510046308</td><td rowspan="1">17489</td></tr><tr class="passedeven"><td rowspan="1">Login1.LoginTest14</td><td><a href="#m16">testForget</a></td><td rowspan="1">1513510063797</td><td rowspan="1">16475</td></tr><tr class="passedodd"><td rowspan="1">Login1.LoginTest15</td><td><a href="#m17">testForget</a></td><td rowspan="1">1513510080272</td><td rowspan="1">17154</td></tr><tr class="passedeven"><td rowspan="1">Login1.LoginTest16</td><td><a href="#m18">testForget</a></td><td rowspan="1">1513510097427</td><td rowspan="1">12347</td></tr><tr class="passedodd"><td rowspan="1">Login1.LoginTest7</td><td><a href="#m19">testForget</a></td><td rowspan="1">1513509937409</td><td rowspan="1">18148</td></tr><tr class="passedeven"><td rowspan="1">Login1.LoginTest8</td><td><a href="#m20">testForget</a></td><td rowspan="1">1513509955558</td><td rowspan="1">18660</td></tr><tr class="passedodd"><td rowspan="1">Login1.LoginTest9</td><td><a href="#m21">testForget</a></td><td rowspan="1">1513509974219</td><td rowspan="1">18331</td></tr><tr class="passedeven"><td rowspan="1">Login2.LoginTest</td><td><a href="#m22">userlogin</a></td><td rowspan="1">1513509921302</td><td rowspan="1">16106</td></tr><tr class="passedodd"><td rowspan="5">Login2.UserLoginTest2</td><td><a href="#m23">testBackLogin</a></td><td rowspan="1">1513509732959</td><td rowspan="1">27709</td></tr><tr class="passedodd"><td><a href="#m24">testBackLogin2</a></td><td rowspan="1">1513509760668</td><td rowspan="1">27969</td></tr><tr class="passedodd"><td><a href="#m25">testBackLogin3</a></td><td rowspan="1">1513509788637</td><td rowspan="1">50333</td></tr><tr class="passedodd"><td><a href="#m26">testBackLogin4</a></td><td rowspan="1">1513509838970</td><td rowspan="1">50232</td></tr><tr class="passedodd"><td><a href="#m27">testBackLogin5</a></td><td rowspan="1">1513509889202</td><td rowspan="1">27595</td></tr><tr class="passedeven"><td rowspan="1">Register.RegisterTest</td><td><a href="#m28">register</a></td><td rowspan="1">1513510751491</td><td rowspan="1">18659</td></tr><tr class="passedodd"><td rowspan="1">Register.RegisterTest2</td><td><a href="#m29">register</a></td><td rowspan="1">1513510770150</td><td rowspan="1">17396</td></tr><tr class="passedeven"><td rowspan="1">Register.RegisterTest3</td><td><a href="#m30">register</a></td><td rowspan="1">1513510787546</td><td rowspan="1">17793</td></tr><tr class="passedodd"><td rowspan="1">Register.RegisterTest4</td><td><a href="#m31">register</a></td><td rowspan="1">1513510805340</td><td rowspan="1">19048</td></tr><tr class="passedeven"><td rowspan="1">Register.RegisterTest5</td><td><a href="#m32">register</a></td><td rowspan="1">1513510824388</td><td rowspan="1">17583</td></tr><tr class="passedodd"><td rowspan="1">Register.RegisterTest6</td><td><a href="#m33">register</a></td><td rowspan="1">1513510841972</td><td rowspan="1">17933</td></tr><tr class="passedeven"><td rowspan="1">Register.RegisterTest7</td><td><a href="#m34">register</a></td><td rowspan="1">1513510859905</td><td rowspan="1">17863</td></tr><tr class="passedodd"><td rowspan="1">Register.RegisterTest8</td><td><a href="#m35">register</a></td><td rowspan="1">1513510877768</td><td rowspan="1">18480</td></tr><tr class="passedeven"><td rowspan="14">Register.UserRegisterTest</td><td><a href="#m36">testBackLogin</a></td><td rowspan="1">1513510351652</td><td rowspan="1">30712</td></tr><tr class="passedeven"><td><a href="#m37">testBackLogin10</a></td><td rowspan="1">1513510382413</td><td rowspan="1">28350</td></tr><tr class="passedeven"><td><a href="#m38">testBackLogin11</a></td><td rowspan="1">1513510410763</td><td rowspan="1">28310</td></tr><tr class="passedeven"><td><a href="#m39">testBackLogin12</a></td><td rowspan="1">1513510439073</td><td rowspan="1">27902</td></tr><tr class="passedeven"><td><a href="#m40">testBackLogin13</a></td><td rowspan="1">1513510466975</td><td rowspan="1">27857</td></tr><tr class="passedeven"><td><a href="#m41">testBackLogin14</a></td><td rowspan="1">1513510494832</td><td rowspan="1">27903</td></tr><tr class="passedeven"><td><a href="#m42">testBackLogin2</a></td><td rowspan="1">1513510522736</td><td rowspan="1">28018</td></tr><tr class="passedeven"><td><a href="#m43">testBackLogin3</a></td><td rowspan="1">1513510550755</td><td rowspan="1">27831</td></tr><tr class="passedeven"><td><a href="#m44">testBackLogin4</a></td><td rowspan="1">1513510578587</td><td rowspan="1">27798</td></tr><tr class="passedeven"><td><a href="#m45">testBackLogin5</a></td><td rowspan="1">1513510606385</td><td rowspan="1">27685</td></tr><tr class="passedeven"><td><a href="#m46">testBackLogin6</a></td><td rowspan="1">1513510634071</td><td rowspan="1">28154</td></tr><tr class="passedeven"><td><a href="#m47">testBackLogin7</a></td><td rowspan="1">1513510662225</td><td rowspan="1">27704</td></tr><tr class="passedeven"><td><a href="#m48">testBackLogin8</a></td><td rowspan="1">1513510689929</td><td rowspan="1">27717</td></tr><tr class="passedeven"><td><a href="#m49">testBackLogin9</a></td><td rowspan="1">1513510717646</td><td rowspan="1">27764</td></tr></tbody></table><h2>Test</h2><h3 id="m0">Logout.LogoutTest#userquit</h3><table class="result"><tr><th>Exception</th></tr><tr><td><div class="stacktrace">org.openqa.selenium.NoSuchElementException: Unable to locate element: html/body/div[1]/div/ul[2]/li[1]/a[2]
For documentation on this error, please visit: http://seleniumhq.org/exceptions/no_such_element.html
Build info: version: &apos;3.6.0&apos;, revision: &apos;6fbf3ec767&apos;, time: &apos;2017-09-27T16:15:40.131Z&apos;
System info: host: &apos;DESKTOP-4FV6CFN&apos;, ip: &apos;192.168.157.1&apos;, os.name: &apos;Windows 10&apos;, os.arch: &apos;amd64&apos;, os.version: &apos;10.0&apos;, java.version: &apos;1.8.0_121&apos;
Driver info: org.openqa.selenium.firefox.FirefoxDriver
Capabilities [{moz:profile=C:\Users\Û­î£½Ü\AppData\Local\Temp\rust_mozprofile.0aS0HhKRdkkD, rotatable=false, timeouts={implicit=0, pageLoad=300000, script=30000}, pageLoadStrategy=normal, platform=XP, specificationLevel=0, moz:accessibilityChecks=false, acceptInsecureCerts=true, browserVersion=55.0.3, platformVersion=10.0, moz:processID=13896, browserName=firefox, javascriptEnabled=true, platformName=XP}]
Session ID: 703eb14f-3579-4bb6-8593-10a0cdd15572
*** Element info: {Using=xpath, value=html/body/div[1]/div/ul[2]/li[1]/a[2]}
	at org.openqa.selenium.remote.http.W3CHttpResponseCodec.createException(W3CHttpResponseCodec.java:185)
	at org.openqa.selenium.remote.http.W3CHttpResponseCodec.decode(W3CHttpResponseCodec.java:120)
	at org.openqa.selenium.remote.http.W3CHttpResponseCodec.decode(W3CHttpResponseCodec.java:49)
	at org.openqa.selenium.remote.HttpCommandExecutor.execute(HttpCommandExecutor.java:164)
	at org.openqa.selenium.remote.service.DriverCommandExecutor.execute(DriverCommandExecutor.java:83)
	at org.openqa.selenium.remote.RemoteWebDriver.execute(RemoteWebDriver.java:586)
	at org.openqa.selenium.remote.RemoteWebDriver.findElement(RemoteWebDriver.java:356)
	at org.openqa.selenium.remote.RemoteWebDriver.findElementByXPath(RemoteWebDriver.java:458)
	at org.openqa.selenium.By$ByXPath.findElement(By.java:361)
	at org.openqa.selenium.remote.RemoteWebDriver.findElement(RemoteWebDriver.java:348)
	at Logout.LogoutTest.userquit(LogoutTest.java:21)
... Removed 27 stack frames</div></td></tr></table><p class="totop"><a href="#summary">back to summary</a></p><h3 id="m1">MyOrder.MyOrderTest1#order</h3><table class="result"><tr><th>Exception</th></tr><tr><td><div class="stacktrace">org.openqa.selenium.NoSuchElementException: Unable to locate element: html/body/div[1]/div/ul[2]/li[3]/a
For documentation on this error, please visit: http://seleniumhq.org/exceptions/no_such_element.html
Build info: version: &apos;3.6.0&apos;, revision: &apos;6fbf3ec767&apos;, time: &apos;2017-09-27T16:15:40.131Z&apos;
System info: host: &apos;DESKTOP-4FV6CFN&apos;, ip: &apos;192.168.157.1&apos;, os.name: &apos;Windows 10&apos;, os.arch: &apos;amd64&apos;, os.version: &apos;10.0&apos;, java.version: &apos;1.8.0_121&apos;
Driver info: org.openqa.selenium.firefox.FirefoxDriver
Capabilities [{moz:profile=C:\Users\Û­î£½Ü\AppData\Local\Temp\rust_mozprofile.TRwlN4JkB0eh, rotatable=false, timeouts={implicit=0, pageLoad=300000, script=30000}, pageLoadStrategy=normal, platform=XP, specificationLevel=0, moz:accessibilityChecks=false, acceptInsecureCerts=true, browserVersion=55.0.3, platformVersion=10.0, moz:processID=16128, browserName=firefox, javascriptEnabled=true, platformName=XP}]
Session ID: 4988e03d-8fb7-42d1-93e9-45488bd5bea9
*** Element info: {Using=xpath, value=html/body/div[1]/div/ul[2]/li[3]/a}
	at org.openqa.selenium.remote.http.W3CHttpResponseCodec.createException(W3CHttpResponseCodec.java:185)
	at org.openqa.selenium.remote.http.W3CHttpResponseCodec.decode(W3CHttpResponseCodec.java:120)
	at org.openqa.selenium.remote.http.W3CHttpResponseCodec.decode(W3CHttpResponseCodec.java:49)
	at org.openqa.selenium.remote.HttpCommandExecutor.execute(HttpCommandExecutor.java:164)
	at org.openqa.selenium.remote.service.DriverCommandExecutor.execute(DriverCommandExecutor.java:83)
	at org.openqa.selenium.remote.RemoteWebDriver.execute(RemoteWebDriver.java:586)
	at org.openqa.selenium.remote.RemoteWebDriver.findElement(RemoteWebDriver.java:356)
	at org.openqa.selenium.remote.RemoteWebDriver.findElementByXPath(RemoteWebDriver.java:458)
	at org.openqa.selenium.By$ByXPath.findElement(By.java:361)
	at org.openqa.selenium.remote.RemoteWebDriver.findElement(RemoteWebDriver.java:348)
	at MyOrder.MyOrderTest1.order(MyOrderTest1.java:21)
... Removed 27 stack frames</div></td></tr></table><p class="totop"><a href="#summary">back to summary</a></p><h3 id="m2">MyOrder.MyOrderTest2#order</h3><table class="result"><tr><th>Exception</th></tr><tr><td><div class="stacktrace">org.openqa.selenium.NoSuchElementException: Unable to locate element: html/body/div[1]/div/ul[2]/li[3]/a
For documentation on this error, please visit: http://seleniumhq.org/exceptions/no_such_element.html
Build info: version: &apos;3.6.0&apos;, revision: &apos;6fbf3ec767&apos;, time: &apos;2017-09-27T16:15:40.131Z&apos;
System info: host: &apos;DESKTOP-4FV6CFN&apos;, ip: &apos;192.168.157.1&apos;, os.name: &apos;Windows 10&apos;, os.arch: &apos;amd64&apos;, os.version: &apos;10.0&apos;, java.version: &apos;1.8.0_121&apos;
Driver info: org.openqa.selenium.firefox.FirefoxDriver
Capabilities [{moz:profile=C:\Users\Û­î£½Ü\AppData\Local\Temp\rust_mozprofile.j2ytF1mtza4J, rotatable=false, timeouts={implicit=0, pageLoad=300000, script=30000}, pageLoadStrategy=normal, platform=XP, specificationLevel=0, moz:accessibilityChecks=false, acceptInsecureCerts=true, browserVersion=55.0.3, platformVersion=10.0, moz:processID=10496, browserName=firefox, javascriptEnabled=true, platformName=XP}]
Session ID: 8f2882fb-5352-4dc6-911d-abee3c3c8693
*** Element info: {Using=xpath, value=html/body/div[1]/div/ul[2]/li[3]/a}
	at org.openqa.selenium.remote.http.W3CHttpResponseCodec.createException(W3CHttpResponseCodec.java:185)
	at org.openqa.selenium.remote.http.W3CHttpResponseCodec.decode(W3CHttpResponseCodec.java:120)
	at org.openqa.selenium.remote.http.W3CHttpResponseCodec.decode(W3CHttpResponseCodec.java:49)
	at org.openqa.selenium.remote.HttpCommandExecutor.execute(HttpCommandExecutor.java:164)
	at org.openqa.selenium.remote.service.DriverCommandExecutor.execute(DriverCommandExecutor.java:83)
	at org.openqa.selenium.remote.RemoteWebDriver.execute(RemoteWebDriver.java:586)
	at org.openqa.selenium.remote.RemoteWebDriver.findElement(RemoteWebDriver.java:356)
	at org.openqa.selenium.remote.RemoteWebDriver.findElementByXPath(RemoteWebDriver.java:458)
	at org.openqa.selenium.By$ByXPath.findElement(By.java:361)
	at org.openqa.selenium.remote.RemoteWebDriver.findElement(RemoteWebDriver.java:348)
	at MyOrder.MyOrderTest2.order(MyOrderTest2.java:21)
... Removed 27 stack frames</div></td></tr></table><p class="totop"><a href="#summary">back to summary</a></p><h3 id="m3">MyOrder.MyOrderTest3#order</h3><table class="result"><tr><th>Exception</th></tr><tr><td><div class="stacktrace">org.openqa.selenium.NoSuchElementException: Unable to locate element: html/body/div[1]/div/ul[2]/li[3]/a
For documentation on this error, please visit: http://seleniumhq.org/exceptions/no_such_element.html
Build info: version: &apos;3.6.0&apos;, revision: &apos;6fbf3ec767&apos;, time: &apos;2017-09-27T16:15:40.131Z&apos;
System info: host: &apos;DESKTOP-4FV6CFN&apos;, ip: &apos;192.168.157.1&apos;, os.name: &apos;Windows 10&apos;, os.arch: &apos;amd64&apos;, os.version: &apos;10.0&apos;, java.version: &apos;1.8.0_121&apos;
Driver info: org.openqa.selenium.firefox.FirefoxDriver
Capabilities [{moz:profile=C:\Users\Û­î£½Ü\AppData\Local\Temp\rust_mozprofile.1s7Z9c670Owb, rotatable=false, timeouts={implicit=0, pageLoad=300000, script=30000}, pageLoadStrategy=normal, platform=XP, specificationLevel=0, moz:accessibilityChecks=false, acceptInsecureCerts=true, browserVersion=55.0.3, platformVersion=10.0, moz:processID=6448, browserName=firefox, javascriptEnabled=true, platformName=XP}]
Session ID: 18ff7286-c72c-450e-9df3-f43f342560f1
*** Element info: {Using=xpath, value=html/body/div[1]/div/ul[2]/li[3]/a}
	at org.openqa.selenium.remote.http.W3CHttpResponseCodec.createException(W3CHttpResponseCodec.java:185)
	at org.openqa.selenium.remote.http.W3CHttpResponseCodec.decode(W3CHttpResponseCodec.java:120)
	at org.openqa.selenium.remote.http.W3CHttpResponseCodec.decode(W3CHttpResponseCodec.java:49)
	at org.openqa.selenium.remote.HttpCommandExecutor.execute(HttpCommandExecutor.java:164)
	at org.openqa.selenium.remote.service.DriverCommandExecutor.execute(DriverCommandExecutor.java:83)
	at org.openqa.selenium.remote.RemoteWebDriver.execute(RemoteWebDriver.java:586)
	at org.openqa.selenium.remote.RemoteWebDriver.findElement(RemoteWebDriver.java:356)
	at org.openqa.selenium.remote.RemoteWebDriver.findElementByXPath(RemoteWebDriver.java:458)
	at org.openqa.selenium.By$ByXPath.findElement(By.java:361)
	at org.openqa.selenium.remote.RemoteWebDriver.findElement(RemoteWebDriver.java:348)
	at MyOrder.MyOrderTest3.order(MyOrderTest3.java:21)
... Removed 27 stack frames</div></td></tr></table><p class="totop"><a href="#summary">back to summary</a></p><h3 id="m4">PersonalInformation.PITest1#information</h3><table class="result"><tr><th>Exception</th></tr><tr><td><div class="stacktrace">org.openqa.selenium.NoSuchElementException: Unable to locate element: html/body/div[1]/div/ul[2]/li[1]/a[1]
For documentation on this error, please visit: http://seleniumhq.org/exceptions/no_such_element.html
Build info: version: &apos;3.6.0&apos;, revision: &apos;6fbf3ec767&apos;, time: &apos;2017-09-27T16:15:40.131Z&apos;
System info: host: &apos;DESKTOP-4FV6CFN&apos;, ip: &apos;192.168.157.1&apos;, os.name: &apos;Windows 10&apos;, os.arch: &apos;amd64&apos;, os.version: &apos;10.0&apos;, java.version: &apos;1.8.0_121&apos;
Driver info: org.openqa.selenium.firefox.FirefoxDriver
Capabilities [{moz:profile=C:\Users\Û­î£½Ü\AppData\Local\Temp\rust_mozprofile.a0cTENLT1LLg, rotatable=false, timeouts={implicit=0, pageLoad=300000, script=30000}, pageLoadStrategy=normal, platform=XP, specificationLevel=0, moz:accessibilityChecks=false, acceptInsecureCerts=true, browserVersion=55.0.3, platformVersion=10.0, moz:processID=13084, browserName=firefox, javascriptEnabled=true, platformName=XP}]
Session ID: feaef75e-1227-4eea-86cb-ae0b5a2828d1
*** Element info: {Using=xpath, value=html/body/div[1]/div/ul[2]/li[1]/a[1]}
	at org.openqa.selenium.remote.http.W3CHttpResponseCodec.createException(W3CHttpResponseCodec.java:185)
	at org.openqa.selenium.remote.http.W3CHttpResponseCodec.decode(W3CHttpResponseCodec.java:120)
	at org.openqa.selenium.remote.http.W3CHttpResponseCodec.decode(W3CHttpResponseCodec.java:49)
	at org.openqa.selenium.remote.HttpCommandExecutor.execute(HttpCommandExecutor.java:164)
	at org.openqa.selenium.remote.service.DriverCommandExecutor.execute(DriverCommandExecutor.java:83)
	at org.openqa.selenium.remote.RemoteWebDriver.execute(RemoteWebDriver.java:586)
	at org.openqa.selenium.remote.RemoteWebDriver.findElement(RemoteWebDriver.java:356)
	at org.openqa.selenium.remote.RemoteWebDriver.findElementByXPath(RemoteWebDriver.java:458)
	at org.openqa.selenium.By$ByXPath.findElement(By.java:361)
	at org.openqa.selenium.remote.RemoteWebDriver.findElement(RemoteWebDriver.java:348)
	at PersonalInformation.PITest1.information(PITest1.java:21)
... Removed 27 stack frames</div></td></tr></table><p class="totop"><a href="#summary">back to summary</a></p><h3 id="m5">PersonalInformation.PITest2#information</h3><table class="result"><tr><th>Exception</th></tr><tr><td><div class="stacktrace">org.openqa.selenium.NoSuchElementException: Unable to locate element: html/body/div[1]/div/ul[2]/li[1]/a[1]
For documentation on this error, please visit: http://seleniumhq.org/exceptions/no_such_element.html
Build info: version: &apos;3.6.0&apos;, revision: &apos;6fbf3ec767&apos;, time: &apos;2017-09-27T16:15:40.131Z&apos;
System info: host: &apos;DESKTOP-4FV6CFN&apos;, ip: &apos;192.168.157.1&apos;, os.name: &apos;Windows 10&apos;, os.arch: &apos;amd64&apos;, os.version: &apos;10.0&apos;, java.version: &apos;1.8.0_121&apos;
Driver info: org.openqa.selenium.firefox.FirefoxDriver
Capabilities [{moz:profile=C:\Users\Û­î£½Ü\AppData\Local\Temp\rust_mozprofile.gx2HG7AAHOo9, rotatable=false, timeouts={implicit=0, pageLoad=300000, script=30000}, pageLoadStrategy=normal, platform=XP, specificationLevel=0, moz:accessibilityChecks=false, acceptInsecureCerts=true, browserVersion=55.0.3, platformVersion=10.0, moz:processID=5636, browserName=firefox, javascriptEnabled=true, platformName=XP}]
Session ID: 20528eee-f7ae-41ad-ab46-4b7be816b28e
*** Element info: {Using=xpath, value=html/body/div[1]/div/ul[2]/li[1]/a[1]}
	at org.openqa.selenium.remote.http.W3CHttpResponseCodec.createException(W3CHttpResponseCodec.java:185)
	at org.openqa.selenium.remote.http.W3CHttpResponseCodec.decode(W3CHttpResponseCodec.java:120)
	at org.openqa.selenium.remote.http.W3CHttpResponseCodec.decode(W3CHttpResponseCodec.java:49)
	at org.openqa.selenium.remote.HttpCommandExecutor.execute(HttpCommandExecutor.java:164)
	at org.openqa.selenium.remote.service.DriverCommandExecutor.execute(DriverCommandExecutor.java:83)
	at org.openqa.selenium.remote.RemoteWebDriver.execute(RemoteWebDriver.java:586)
	at org.openqa.selenium.remote.RemoteWebDriver.findElement(RemoteWebDriver.java:356)
	at org.openqa.selenium.remote.RemoteWebDriver.findElementByXPath(RemoteWebDriver.java:458)
	at org.openqa.selenium.By$ByXPath.findElement(By.java:361)
	at org.openqa.selenium.remote.RemoteWebDriver.findElement(RemoteWebDriver.java:348)
	at PersonalInformation.PITest2.information(PITest2.java:21)
... Removed 27 stack frames</div></td></tr></table><p class="totop"><a href="#summary">back to summary</a></p><h3 id="m6">PersonalInformation.PITest3#information</h3><table class="result"><tr><th>Exception</th></tr><tr><td><div class="stacktrace">org.openqa.selenium.NoSuchElementException: Unable to locate element: html/body/div[1]/div/ul[2]/li[1]/a[1]
For documentation on this error, please visit: http://seleniumhq.org/exceptions/no_such_element.html
Build info: version: &apos;3.6.0&apos;, revision: &apos;6fbf3ec767&apos;, time: &apos;2017-09-27T16:15:40.131Z&apos;
System info: host: &apos;DESKTOP-4FV6CFN&apos;, ip: &apos;192.168.157.1&apos;, os.name: &apos;Windows 10&apos;, os.arch: &apos;amd64&apos;, os.version: &apos;10.0&apos;, java.version: &apos;1.8.0_121&apos;
Driver info: org.openqa.selenium.firefox.FirefoxDriver
Capabilities [{moz:profile=C:\Users\Û­î£½Ü\AppData\Local\Temp\rust_mozprofile.eVsziM0sSkve, rotatable=false, timeouts={implicit=0, pageLoad=300000, script=30000}, pageLoadStrategy=normal, platform=XP, specificationLevel=0, moz:accessibilityChecks=false, acceptInsecureCerts=true, browserVersion=55.0.3, platformVersion=10.0, moz:processID=12020, browserName=firefox, javascriptEnabled=true, platformName=XP}]
Session ID: 697833e9-5457-491e-8177-e25029d22fac
*** Element info: {Using=xpath, value=html/body/div[1]/div/ul[2]/li[1]/a[1]}
	at org.openqa.selenium.remote.http.W3CHttpResponseCodec.createException(W3CHttpResponseCodec.java:185)
	at org.openqa.selenium.remote.http.W3CHttpResponseCodec.decode(W3CHttpResponseCodec.java:120)
	at org.openqa.selenium.remote.http.W3CHttpResponseCodec.decode(W3CHttpResponseCodec.java:49)
	at org.openqa.selenium.remote.HttpCommandExecutor.execute(HttpCommandExecutor.java:164)
	at org.openqa.selenium.remote.service.DriverCommandExecutor.execute(DriverCommandExecutor.java:83)
	at org.openqa.selenium.remote.RemoteWebDriver.execute(RemoteWebDriver.java:586)
	at org.openqa.selenium.remote.RemoteWebDriver.findElement(RemoteWebDriver.java:356)
	at org.openqa.selenium.remote.RemoteWebDriver.findElementByXPath(RemoteWebDriver.java:458)
	at org.openqa.selenium.By$ByXPath.findElement(By.java:361)
	at org.openqa.selenium.remote.RemoteWebDriver.findElement(RemoteWebDriver.java:348)
	at PersonalInformation.PITest3.information(PITest3.java:21)
... Removed 27 stack frames</div></td></tr></table><p class="totop"><a href="#summary">back to summary</a></p><h3 id="m7">PersonalInformation.PITest4#information</h3><table class="result"><tr><th>Exception</th></tr><tr><td><div class="stacktrace">org.openqa.selenium.NoSuchElementException: Unable to locate element: html/body/div[1]/div/ul[2]/li[1]/a[1]
For documentation on this error, please visit: http://seleniumhq.org/exceptions/no_such_element.html
Build info: version: &apos;3.6.0&apos;, revision: &apos;6fbf3ec767&apos;, time: &apos;2017-09-27T16:15:40.131Z&apos;
System info: host: &apos;DESKTOP-4FV6CFN&apos;, ip: &apos;192.168.157.1&apos;, os.name: &apos;Windows 10&apos;, os.arch: &apos;amd64&apos;, os.version: &apos;10.0&apos;, java.version: &apos;1.8.0_121&apos;
Driver info: org.openqa.selenium.firefox.FirefoxDriver
Capabilities [{moz:profile=C:\Users\Û­î£½Ü\AppData\Local\Temp\rust_mozprofile.Qjw0gAcsgGIr, rotatable=false, timeouts={implicit=0, pageLoad=300000, script=30000}, pageLoadStrategy=normal, platform=XP, specificationLevel=0, moz:accessibilityChecks=false, acceptInsecureCerts=true, browserVersion=55.0.3, platformVersion=10.0, moz:processID=984, browserName=firefox, javascriptEnabled=true, platformName=XP}]
Session ID: 1d36d2a8-0cd4-4130-9368-a4a83e45951e
*** Element info: {Using=xpath, value=html/body/div[1]/div/ul[2]/li[1]/a[1]}
	at org.openqa.selenium.remote.http.W3CHttpResponseCodec.createException(W3CHttpResponseCodec.java:185)
	at org.openqa.selenium.remote.http.W3CHttpResponseCodec.decode(W3CHttpResponseCodec.java:120)
	at org.openqa.selenium.remote.http.W3CHttpResponseCodec.decode(W3CHttpResponseCodec.java:49)
	at org.openqa.selenium.remote.HttpCommandExecutor.execute(HttpCommandExecutor.java:164)
	at org.openqa.selenium.remote.service.DriverCommandExecutor.execute(DriverCommandExecutor.java:83)
	at org.openqa.selenium.remote.RemoteWebDriver.execute(RemoteWebDriver.java:586)
	at org.openqa.selenium.remote.RemoteWebDriver.findElement(RemoteWebDriver.java:356)
	at org.openqa.selenium.remote.RemoteWebDriver.findElementByXPath(RemoteWebDriver.java:458)
	at org.openqa.selenium.By$ByXPath.findElement(By.java:361)
	at org.openqa.selenium.remote.RemoteWebDriver.findElement(RemoteWebDriver.java:348)
	at PersonalInformation.PITest4.information(PITest4.java:21)
... Removed 27 stack frames</div></td></tr></table><p class="totop"><a href="#summary">back to summary</a></p><h3 id="m8">PersonalInformation.PITest5#information</h3><table class="result"><tr><th>Exception</th></tr><tr><td><div class="stacktrace">org.openqa.selenium.NoSuchElementException: Unable to locate element: html/body/div[1]/div/ul[2]/li[1]/a[1]
For documentation on this error, please visit: http://seleniumhq.org/exceptions/no_such_element.html
Build info: version: &apos;3.6.0&apos;, revision: &apos;6fbf3ec767&apos;, time: &apos;2017-09-27T16:15:40.131Z&apos;
System info: host: &apos;DESKTOP-4FV6CFN&apos;, ip: &apos;192.168.157.1&apos;, os.name: &apos;Windows 10&apos;, os.arch: &apos;amd64&apos;, os.version: &apos;10.0&apos;, java.version: &apos;1.8.0_121&apos;
Driver info: org.openqa.selenium.firefox.FirefoxDriver
Capabilities [{moz:profile=C:\Users\Û­î£½Ü\AppData\Local\Temp\rust_mozprofile.dcAGC2mSslXy, rotatable=false, timeouts={implicit=0, pageLoad=300000, script=30000}, pageLoadStrategy=normal, platform=XP, specificationLevel=0, moz:accessibilityChecks=false, acceptInsecureCerts=true, browserVersion=55.0.3, platformVersion=10.0, moz:processID=9540, browserName=firefox, javascriptEnabled=true, platformName=XP}]
Session ID: 3d994e02-a051-49b8-9d54-e808c6c01235
*** Element info: {Using=xpath, value=html/body/div[1]/div/ul[2]/li[1]/a[1]}
	at org.openqa.selenium.remote.http.W3CHttpResponseCodec.createException(W3CHttpResponseCodec.java:185)
	at org.openqa.selenium.remote.http.W3CHttpResponseCodec.decode(W3CHttpResponseCodec.java:120)
	at org.openqa.selenium.remote.http.W3CHttpResponseCodec.decode(W3CHttpResponseCodec.java:49)
	at org.openqa.selenium.remote.HttpCommandExecutor.execute(HttpCommandExecutor.java:164)
	at org.openqa.selenium.remote.service.DriverCommandExecutor.execute(DriverCommandExecutor.java:83)
	at org.openqa.selenium.remote.RemoteWebDriver.execute(RemoteWebDriver.java:586)
	at org.openqa.selenium.remote.RemoteWebDriver.findElement(RemoteWebDriver.java:356)
	at org.openqa.selenium.remote.RemoteWebDriver.findElementByXPath(RemoteWebDriver.java:458)
	at org.openqa.selenium.By$ByXPath.findElement(By.java:361)
	at org.openqa.selenium.remote.RemoteWebDriver.findElement(RemoteWebDriver.java:348)
	at PersonalInformation.PITest5.information(PITest5.java:21)
... Removed 27 stack frames</div></td></tr></table><p class="totop"><a href="#summary">back to summary</a></p><h3 id="m9">PersonalInformation.PITest6#information</h3><table class="result"><tr><th>Exception</th></tr><tr><td><div class="stacktrace">org.openqa.selenium.NoSuchElementException: Unable to locate element: html/body/div[1]/div/ul[2]/li[1]/a[1]
For documentation on this error, please visit: http://seleniumhq.org/exceptions/no_such_element.html
Build info: version: &apos;3.6.0&apos;, revision: &apos;6fbf3ec767&apos;, time: &apos;2017-09-27T16:15:40.131Z&apos;
System info: host: &apos;DESKTOP-4FV6CFN&apos;, ip: &apos;192.168.157.1&apos;, os.name: &apos;Windows 10&apos;, os.arch: &apos;amd64&apos;, os.version: &apos;10.0&apos;, java.version: &apos;1.8.0_121&apos;
Driver info: org.openqa.selenium.firefox.FirefoxDriver
Capabilities [{moz:profile=C:\Users\Û­î£½Ü\AppData\Local\Temp\rust_mozprofile.EqUFamMRqOAC, rotatable=false, timeouts={implicit=0, pageLoad=300000, script=30000}, pageLoadStrategy=normal, platform=XP, specificationLevel=0, moz:accessibilityChecks=false, acceptInsecureCerts=true, browserVersion=55.0.3, platformVersion=10.0, moz:processID=7500, browserName=firefox, javascriptEnabled=true, platformName=XP}]
Session ID: 70d03a84-0a40-4ce7-b61a-99a76de1817e
*** Element info: {Using=xpath, value=html/body/div[1]/div/ul[2]/li[1]/a[1]}
	at org.openqa.selenium.remote.http.W3CHttpResponseCodec.createException(W3CHttpResponseCodec.java:185)
	at org.openqa.selenium.remote.http.W3CHttpResponseCodec.decode(W3CHttpResponseCodec.java:120)
	at org.openqa.selenium.remote.http.W3CHttpResponseCodec.decode(W3CHttpResponseCodec.java:49)
	at org.openqa.selenium.remote.HttpCommandExecutor.execute(HttpCommandExecutor.java:164)
	at org.openqa.selenium.remote.service.DriverCommandExecutor.execute(DriverCommandExecutor.java:83)
	at org.openqa.selenium.remote.RemoteWebDriver.execute(RemoteWebDriver.java:586)
	at org.openqa.selenium.remote.RemoteWebDriver.findElement(RemoteWebDriver.java:356)
	at org.openqa.selenium.remote.RemoteWebDriver.findElementByXPath(RemoteWebDriver.java:458)
	at org.openqa.selenium.By$ByXPath.findElement(By.java:361)
	at org.openqa.selenium.remote.RemoteWebDriver.findElement(RemoteWebDriver.java:348)
	at PersonalInformation.PITest6.information(PITest6.java:21)
... Removed 27 stack frames</div></td></tr></table><p class="totop"><a href="#summary">back to summary</a></p><h3 id="m10">PersonalInformation.PITest7#information</h3><table class="result"><tr><th>Exception</th></tr><tr><td><div class="stacktrace">org.openqa.selenium.NoSuchElementException: Unable to locate element: html/body/div[1]/div/ul[2]/li[1]/a[1]
For documentation on this error, please visit: http://seleniumhq.org/exceptions/no_such_element.html
Build info: version: &apos;3.6.0&apos;, revision: &apos;6fbf3ec767&apos;, time: &apos;2017-09-27T16:15:40.131Z&apos;
System info: host: &apos;DESKTOP-4FV6CFN&apos;, ip: &apos;192.168.157.1&apos;, os.name: &apos;Windows 10&apos;, os.arch: &apos;amd64&apos;, os.version: &apos;10.0&apos;, java.version: &apos;1.8.0_121&apos;
Driver info: org.openqa.selenium.firefox.FirefoxDriver
Capabilities [{moz:profile=C:\Users\Û­î£½Ü\AppData\Local\Temp\rust_mozprofile.pUZk8jexvyGE, rotatable=false, timeouts={implicit=0, pageLoad=300000, script=30000}, pageLoadStrategy=normal, platform=XP, specificationLevel=0, moz:accessibilityChecks=false, acceptInsecureCerts=true, browserVersion=55.0.3, platformVersion=10.0, moz:processID=6724, browserName=firefox, javascriptEnabled=true, platformName=XP}]
Session ID: 3140b51f-80ea-4bf7-8acf-921dbf316214
*** Element info: {Using=xpath, value=html/body/div[1]/div/ul[2]/li[1]/a[1]}
	at org.openqa.selenium.remote.http.W3CHttpResponseCodec.createException(W3CHttpResponseCodec.java:185)
	at org.openqa.selenium.remote.http.W3CHttpResponseCodec.decode(W3CHttpResponseCodec.java:120)
	at org.openqa.selenium.remote.http.W3CHttpResponseCodec.decode(W3CHttpResponseCodec.java:49)
	at org.openqa.selenium.remote.HttpCommandExecutor.execute(HttpCommandExecutor.java:164)
	at org.openqa.selenium.remote.service.DriverCommandExecutor.execute(DriverCommandExecutor.java:83)
	at org.openqa.selenium.remote.RemoteWebDriver.execute(RemoteWebDriver.java:586)
	at org.openqa.selenium.remote.RemoteWebDriver.findElement(RemoteWebDriver.java:356)
	at org.openqa.selenium.remote.RemoteWebDriver.findElementByXPath(RemoteWebDriver.java:458)
	at org.openqa.selenium.By$ByXPath.findElement(By.java:361)
	at org.openqa.selenium.remote.RemoteWebDriver.findElement(RemoteWebDriver.java:348)
	at PersonalInformation.PITest7.information(PITest7.java:21)
... Removed 27 stack frames</div></td></tr></table><p class="totop"><a href="#summary">back to summary</a></p><h3 id="m11">PersonalInformation.PITest8#information</h3><table class="result"><tr><th>Exception</th></tr><tr><td><div class="stacktrace">org.openqa.selenium.NoSuchElementException: Unable to locate element: html/body/div[1]/div/ul[2]/li[1]/a[1]
For documentation on this error, please visit: http://seleniumhq.org/exceptions/no_such_element.html
Build info: version: &apos;3.6.0&apos;, revision: &apos;6fbf3ec767&apos;, time: &apos;2017-09-27T16:15:40.131Z&apos;
System info: host: &apos;DESKTOP-4FV6CFN&apos;, ip: &apos;192.168.157.1&apos;, os.name: &apos;Windows 10&apos;, os.arch: &apos;amd64&apos;, os.version: &apos;10.0&apos;, java.version: &apos;1.8.0_121&apos;
Driver info: org.openqa.selenium.firefox.FirefoxDriver
Capabilities [{moz:profile=C:\Users\Û­î£½Ü\AppData\Local\Temp\rust_mozprofile.13RSAk1BAycH, rotatable=false, timeouts={implicit=0, pageLoad=300000, script=30000}, pageLoadStrategy=normal, platform=XP, specificationLevel=0, moz:accessibilityChecks=false, acceptInsecureCerts=true, browserVersion=55.0.3, platformVersion=10.0, moz:processID=9500, browserName=firefox, javascriptEnabled=true, platformName=XP}]
Session ID: 6fc99ed1-e360-4d83-9991-df7d940cdbd3
*** Element info: {Using=xpath, value=html/body/div[1]/div/ul[2]/li[1]/a[1]}
	at org.openqa.selenium.remote.http.W3CHttpResponseCodec.createException(W3CHttpResponseCodec.java:185)
	at org.openqa.selenium.remote.http.W3CHttpResponseCodec.decode(W3CHttpResponseCodec.java:120)
	at org.openqa.selenium.remote.http.W3CHttpResponseCodec.decode(W3CHttpResponseCodec.java:49)
	at org.openqa.selenium.remote.HttpCommandExecutor.execute(HttpCommandExecutor.java:164)
	at org.openqa.selenium.remote.service.DriverCommandExecutor.execute(DriverCommandExecutor.java:83)
	at org.openqa.selenium.remote.RemoteWebDriver.execute(RemoteWebDriver.java:586)
	at org.openqa.selenium.remote.RemoteWebDriver.findElement(RemoteWebDriver.java:356)
	at org.openqa.selenium.remote.RemoteWebDriver.findElementByXPath(RemoteWebDriver.java:458)
	at org.openqa.selenium.By$ByXPath.findElement(By.java:361)
	at org.openqa.selenium.remote.RemoteWebDriver.findElement(RemoteWebDriver.java:348)
	at PersonalInformation.PITest8.information(PITest8.java:21)
... Removed 27 stack frames</div></td></tr></table><p class="totop"><a href="#summary">back to summary</a></p><h3 id="m12">Login1.LoginTest10#testForget</h3><table class="result"></table><p class="totop"><a href="#summary">back to summary</a></p><h3 id="m13">Login1.LoginTest11#testForget</h3><table class="result"></table><p class="totop"><a href="#summary">back to summary</a></p><h3 id="m14">Login1.LoginTest12#testForget</h3><table class="result"></table><p class="totop"><a href="#summary">back to summary</a></p><h3 id="m15">Login1.LoginTest13#testForget</h3><table class="result"></table><p class="totop"><a href="#summary">back to summary</a></p><h3 id="m16">Login1.LoginTest14#testForget</h3><table class="result"></table><p class="totop"><a href="#summary">back to summary</a></p><h3 id="m17">Login1.LoginTest15#testForget</h3><table class="result"></table><p class="totop"><a href="#summary">back to summary</a></p><h3 id="m18">Login1.LoginTest16#testForget</h3><table class="result"></table><p class="totop"><a href="#summary">back to summary</a></p><h3 id="m19">Login1.LoginTest7#testForget</h3><table class="result"></table><p class="totop"><a href="#summary">back to summary</a></p><h3 id="m20">Login1.LoginTest8#testForget</h3><table class="result"></table><p class="totop"><a href="#summary">back to summary</a></p><h3 id="m21">Login1.LoginTest9#testForget</h3><table class="result"></table><p class="totop"><a href="#summary">back to summary</a></p><h3 id="m22">Login2.LoginTest#userlogin</h3><table class="result"></table><p class="totop"><a href="#summary">back to summary</a></p><h3 id="m23">Login2.UserLoginTest2#testBackLogin</h3><table class="result"></table><p class="totop"><a href="#summary">back to summary</a></p><h3 id="m24">Login2.UserLoginTest2#testBackLogin2</h3><table class="result"></table><p class="totop"><a href="#summary">back to summary</a></p><h3 id="m25">Login2.UserLoginTest2#testBackLogin3</h3><table class="result"></table><p class="totop"><a href="#summary">back to summary</a></p><h3 id="m26">Login2.UserLoginTest2#testBackLogin4</h3><table class="result"></table><p class="totop"><a href="#summary">back to summary</a></p><h3 id="m27">Login2.UserLoginTest2#testBackLogin5</h3><table class="result"></table><p class="totop"><a href="#summary">back to summary</a></p><h3 id="m28">Register.RegisterTest#register</h3><table class="result"></table><p class="totop"><a href="#summary">back to summary</a></p><h3 id="m29">Register.RegisterTest2#register</h3><table class="result"></table><p class="totop"><a href="#summary">back to summary</a></p><h3 id="m30">Register.RegisterTest3#register</h3><table class="result"></table><p class="totop"><a href="#summary">back to summary</a></p><h3 id="m31">Register.RegisterTest4#register</h3><table class="result"></table><p class="totop"><a href="#summary">back to summary</a></p><h3 id="m32">Register.RegisterTest5#register</h3><table class="result"></table><p class="totop"><a href="#summary">back to summary</a></p><h3 id="m33">Register.RegisterTest6#register</h3><table class="result"></table><p class="totop"><a href="#summary">back to summary</a></p><h3 id="m34">Register.RegisterTest7#register</h3><table class="result"></table><p class="totop"><a href="#summary">back to summary</a></p><h3 id="m35">Register.RegisterTest8#register</h3><table class="result"></table><p class="totop"><a href="#summary">back to summary</a></p><h3 id="m36">Register.UserRegisterTest#testBackLogin</h3><table class="result"></table><p class="totop"><a href="#summary">back to summary</a></p><h3 id="m37">Register.UserRegisterTest#testBackLogin10</h3><table class="result"></table><p class="totop"><a href="#summary">back to summary</a></p><h3 id="m38">Register.UserRegisterTest#testBackLogin11</h3><table class="result"></table><p class="totop"><a href="#summary">back to summary</a></p><h3 id="m39">Register.UserRegisterTest#testBackLogin12</h3><table class="result"></table><p class="totop"><a href="#summary">back to summary</a></p><h3 id="m40">Register.UserRegisterTest#testBackLogin13</h3><table class="result"></table><p class="totop"><a href="#summary">back to summary</a></p><h3 id="m41">Register.UserRegisterTest#testBackLogin14</h3><table class="result"></table><p class="totop"><a href="#summary">back to summary</a></p><h3 id="m42">Register.UserRegisterTest#testBackLogin2</h3><table class="result"></table><p class="totop"><a href="#summary">back to summary</a></p><h3 id="m43">Register.UserRegisterTest#testBackLogin3</h3><table class="result"></table><p class="totop"><a href="#summary">back to summary</a></p><h3 id="m44">Register.UserRegisterTest#testBackLogin4</h3><table class="result"></table><p class="totop"><a href="#summary">back to summary</a></p><h3 id="m45">Register.UserRegisterTest#testBackLogin5</h3><table class="result"></table><p class="totop"><a href="#summary">back to summary</a></p><h3 id="m46">Register.UserRegisterTest#testBackLogin6</h3><table class="result"></table><p class="totop"><a href="#summary">back to summary</a></p><h3 id="m47">Register.UserRegisterTest#testBackLogin7</h3><table class="result"></table><p class="totop"><a href="#summary">back to summary</a></p><h3 id="m48">Register.UserRegisterTest#testBackLogin8</h3><table class="result"></table><p class="totop"><a href="#summary">back to summary</a></p><h3 id="m49">Register.UserRegisterTest#testBackLogin9</h3><table class="result"></table><p class="totop"><a href="#summary">back to summary</a></p></body></html>