<?xml version="1.0" encoding="UTF-8"?>
<testng-results skipped="0" failed="12" total="50" passed="38">
  <reporter-output>
  </reporter-output>
  <suite name="Suite" duration-ms="1173978" started-at="2017-12-17T11:22:02Z" finished-at="2017-12-17T11:41:36Z">
    <groups>
    </groups>
    <test name="Test" duration-ms="1173978" started-at="2017-12-17T11:22:02Z" finished-at="2017-12-17T11:41:36Z">
      <class name="Login2.LoginTest">
        <test-method status="PASS" signature="userlogin()[pri:0, instance:Login2.LoginTest@591f989e]" name="userlogin" duration-ms="16106" started-at="2017-12-17T19:25:21Z" finished-at="2017-12-17T19:25:37Z">
          <reporter-output>
          </reporter-output>
        </test-method> <!-- userlogin -->
      </class> <!-- Login2.LoginTest -->
      <class name="Register.RegisterTest2">
        <test-method status="PASS" signature="register()[pri:0, instance:Register.RegisterTest2@721e0f4f]" name="register" duration-ms="17396" started-at="2017-12-17T19:39:30Z" finished-at="2017-12-17T19:39:47Z">
          <reporter-output>
          </reporter-output>
        </test-method> <!-- register -->
      </class> <!-- Register.RegisterTest2 -->
      <class name="Register.RegisterTest3">
        <test-method status="PASS" signature="register()[pri:0, instance:Register.RegisterTest3@28864e92]" name="register" duration-ms="17793" started-at="2017-12-17T19:39:47Z" finished-at="2017-12-17T19:40:05Z">
          <reporter-output>
          </reporter-output>
        </test-method> <!-- register -->
      </class> <!-- Register.RegisterTest3 -->
      <class name="Register.RegisterTest">
        <test-method status="PASS" signature="register()[pri:0, instance:Register.RegisterTest@546a03af]" name="register" duration-ms="18659" started-at="2017-12-17T19:39:11Z" finished-at="2017-12-17T19:39:30Z">
          <reporter-output>
          </reporter-output>
        </test-method> <!-- register -->
      </class> <!-- Register.RegisterTest -->
      <class name="Register.RegisterTest4">
        <test-method status="PASS" signature="register()[pri:0, instance:Register.RegisterTest4@6ea6d14e]" name="register" duration-ms="19048" started-at="2017-12-17T19:40:05Z" finished-at="2017-12-17T19:40:24Z">
          <reporter-output>
          </reporter-output>
        </test-method> <!-- register -->
      </class> <!-- Register.RegisterTest4 -->
      <class name="Register.RegisterTest5">
        <test-method status="PASS" signature="register()[pri:0, instance:Register.RegisterTest5@6ad5c04e]" name="register" duration-ms="17583" started-at="2017-12-17T19:40:24Z" finished-at="2017-12-17T19:40:41Z">
          <reporter-output>
          </reporter-output>
        </test-method> <!-- register -->
      </class> <!-- Register.RegisterTest5 -->
      <class name="Register.RegisterTest6">
        <test-method status="PASS" signature="register()[pri:0, instance:Register.RegisterTest6@6833ce2c]" name="register" duration-ms="17933" started-at="2017-12-17T19:40:41Z" finished-at="2017-12-17T19:40:59Z">
          <reporter-output>
          </reporter-output>
        </test-method> <!-- register -->
      </class> <!-- Register.RegisterTest6 -->
      <class name="Register.RegisterTest7">
        <test-method status="PASS" signature="register()[pri:0, instance:Register.RegisterTest7@725bef66]" name="register" duration-ms="17863" started-at="2017-12-17T19:40:59Z" finished-at="2017-12-17T19:41:17Z">
          <reporter-output>
          </reporter-output>
        </test-method> <!-- register -->
      </class> <!-- Register.RegisterTest7 -->
      <class name="Register.RegisterTest8">
        <test-method status="PASS" signature="register()[pri:0, instance:Register.RegisterTest8@2aaf7cc2]" name="register" duration-ms="18480" started-at="2017-12-17T19:41:17Z" finished-at="2017-12-17T19:41:36Z">
          <reporter-output>
          </reporter-output>
        </test-method> <!-- register -->
      </class> <!-- Register.RegisterTest8 -->
      <class name="Logout.LogoutTest">
        <test-method status="FAIL" signature="userquit()[pri:0, instance:Logout.LogoutTest@47fd17e3]" name="userquit" duration-ms="12223" started-at="2017-12-17T19:28:29Z" finished-at="2017-12-17T19:28:41Z">
          <exception class="org.openqa.selenium.NoSuchElementException">
            <message>
              <![CDATA[Unable to locate element: html/body/div[1]/div/ul[2]/li[1]/a[2]
For documentation on this error, please visit: http://seleniumhq.org/exceptions/no_such_element.html
Build info: version: '3.6.0', revision: '6fbf3ec767', time: '2017-09-27T16:15:40.131Z'
System info: host: 'DESKTOP-4FV6CFN', ip: '192.168.157.1', os.name: 'Windows 10', os.arch: 'amd64', os.version: '10.0', java.version: '1.8.0_121'
Driver info: org.openqa.selenium.firefox.FirefoxDriver
Capabilities [{moz:profile=C:\Users\郗睿杰\AppData\Local\Temp\rust_mozprofile.0aS0HhKRdkkD, rotatable=false, timeouts={implicit=0, pageLoad=300000, script=30000}, pageLoadStrategy=normal, platform=XP, specificationLevel=0, moz:accessibilityChecks=false, acceptInsecureCerts=true, browserVersion=55.0.3, platformVersion=10.0, moz:processID=13896, browserName=firefox, javascriptEnabled=true, platformName=XP}]
Session ID: 703eb14f-3579-4bb6-8593-10a0cdd15572
*** Element info: {Using=xpath, value=html/body/div[1]/div/ul[2]/li[1]/a[2]}]]>
            </message>
            <full-stacktrace>
              <![CDATA[org.openqa.selenium.NoSuchElementException: Unable to locate element: html/body/div[1]/div/ul[2]/li[1]/a[2]
For documentation on this error, please visit: http://seleniumhq.org/exceptions/no_such_element.html
Build info: version: '3.6.0', revision: '6fbf3ec767', time: '2017-09-27T16:15:40.131Z'
System info: host: 'DESKTOP-4FV6CFN', ip: '192.168.157.1', os.name: 'Windows 10', os.arch: 'amd64', os.version: '10.0', java.version: '1.8.0_121'
Driver info: org.openqa.selenium.firefox.FirefoxDriver
Capabilities [{moz:profile=C:\Users\郗睿杰\AppData\Local\Temp\rust_mozprofile.0aS0HhKRdkkD, rotatable=false, timeouts={implicit=0, pageLoad=300000, script=30000}, pageLoadStrategy=normal, platform=XP, specificationLevel=0, moz:accessibilityChecks=false, acceptInsecureCerts=true, browserVersion=55.0.3, platformVersion=10.0, moz:processID=13896, browserName=firefox, javascriptEnabled=true, platformName=XP}]
Session ID: 703eb14f-3579-4bb6-8593-10a0cdd15572
*** Element info: {Using=xpath, value=html/body/div[1]/div/ul[2]/li[1]/a[2]}
	at sun.reflect.NativeConstructorAccessorImpl.newInstance0(Native Method)
	at sun.reflect.NativeConstructorAccessorImpl.newInstance(NativeConstructorAccessorImpl.java:62)
	at sun.reflect.DelegatingConstructorAccessorImpl.newInstance(DelegatingConstructorAccessorImpl.java:45)
	at java.lang.reflect.Constructor.newInstance(Constructor.java:423)
	at org.openqa.selenium.remote.http.W3CHttpResponseCodec.createException(W3CHttpResponseCodec.java:185)
	at org.openqa.selenium.remote.http.W3CHttpResponseCodec.decode(W3CHttpResponseCodec.java:120)
	at org.openqa.selenium.remote.http.W3CHttpResponseCodec.decode(W3CHttpResponseCodec.java:49)
	at org.openqa.selenium.remote.HttpCommandExecutor.execute(HttpCommandExecutor.java:164)
	at org.openqa.selenium.remote.service.DriverCommandExecutor.execute(DriverCommandExecutor.java:83)
	at org.openqa.selenium.remote.RemoteWebDriver.execute(RemoteWebDriver.java:586)
	at org.openqa.selenium.remote.RemoteWebDriver.findElement(RemoteWebDriver.java:356)
	at org.openqa.selenium.remote.RemoteWebDriver.findElementByXPath(RemoteWebDriver.java:458)
	at org.openqa.selenium.By$ByXPath.findElement(By.java:361)
	at org.openqa.selenium.remote.RemoteWebDriver.findElement(RemoteWebDriver.java:348)
	at Logout.LogoutTest.userquit(LogoutTest.java:21)
	at sun.reflect.NativeMethodAccessorImpl.invoke0(Native Method)
	at sun.reflect.NativeMethodAccessorImpl.invoke(NativeMethodAccessorImpl.java:62)
	at sun.reflect.DelegatingMethodAccessorImpl.invoke(DelegatingMethodAccessorImpl.java:43)
	at java.lang.reflect.Method.invoke(Method.java:498)
	at org.testng.internal.MethodInvocationHelper.invokeMethod(MethodInvocationHelper.java:85)
	at org.testng.internal.Invoker.invokeMethod(Invoker.java:639)
	at org.testng.internal.Invoker.invokeTestMethod(Invoker.java:816)
	at org.testng.internal.Invoker.invokeTestMethods(Invoker.java:1124)
	at org.testng.internal.TestMethodWorker.invokeTestMethods(TestMethodWorker.java:125)
	at org.testng.internal.TestMethodWorker.run(TestMethodWorker.java:108)
	at org.testng.TestRunner.privateRun(TestRunner.java:774)
	at org.testng.TestRunner.run(TestRunner.java:624)
	at org.testng.SuiteRunner.runTest(SuiteRunner.java:359)
	at org.testng.SuiteRunner.runSequentially(SuiteRunner.java:354)
	at org.testng.SuiteRunner.privateRun(SuiteRunner.java:312)
	at org.testng.SuiteRunner.run(SuiteRunner.java:261)
	at org.testng.SuiteRunnerWorker.runSuite(SuiteRunnerWorker.java:52)
	at org.testng.SuiteRunnerWorker.run(SuiteRunnerWorker.java:86)
	at org.testng.TestNG.runSuitesSequentially(TestNG.java:1215)
	at org.testng.TestNG.runSuitesLocally(TestNG.java:1140)
	at org.testng.TestNG.run(TestNG.java:1048)
	at org.testng.TestNG.privateMain(TestNG.java:1355)
	at org.testng.TestNG.main(TestNG.java:1324)
]]>
            </full-stacktrace>
          </exception> <!-- org.openqa.selenium.NoSuchElementException -->
          <reporter-output>
          </reporter-output>
        </test-method> <!-- userquit -->
      </class> <!-- Logout.LogoutTest -->
      <class name="Login1.LoginTest9">
        <test-method status="PASS" signature="testForget()[pri:0, instance:Login1.LoginTest9@445b84c0]" name="testForget" duration-ms="18331" started-at="2017-12-17T19:26:14Z" finished-at="2017-12-17T19:26:32Z">
          <reporter-output>
          </reporter-output>
        </test-method> <!-- testForget -->
      </class> <!-- Login1.LoginTest9 -->
      <class name="Login1.LoginTest8">
        <test-method status="PASS" signature="testForget()[pri:0, instance:Login1.LoginTest8@61443d8f]" name="testForget" duration-ms="18660" started-at="2017-12-17T19:25:55Z" finished-at="2017-12-17T19:26:14Z">
          <reporter-output>
          </reporter-output>
        </test-method> <!-- testForget -->
      </class> <!-- Login1.LoginTest8 -->
      <class name="Login2.UserLoginTest2">
        <test-method status="PASS" signature="doBeforeMethod()[pri:0, instance:Login2.UserLoginTest2@2fc14f68]" name="doBeforeMethod" is-config="true" duration-ms="10679" started-at="2017-12-17T19:22:02Z" finished-at="2017-12-17T19:22:12Z">
          <reporter-output>
          </reporter-output>
        </test-method> <!-- doBeforeMethod -->
        <test-method status="PASS" signature="testBackLogin()[pri:0, instance:Login2.UserLoginTest2@2fc14f68]" name="testBackLogin" duration-ms="27709" started-at="2017-12-17T19:22:12Z" finished-at="2017-12-17T19:22:40Z">
          <reporter-output>
          </reporter-output>
        </test-method> <!-- testBackLogin -->
        <test-method status="PASS" signature="testBackLogin2()[pri:0, instance:Login2.UserLoginTest2@2fc14f68]" name="testBackLogin2" duration-ms="27969" started-at="2017-12-17T19:22:40Z" finished-at="2017-12-17T19:23:08Z">
          <reporter-output>
          </reporter-output>
        </test-method> <!-- testBackLogin2 -->
        <test-method status="PASS" signature="testBackLogin3()[pri:0, instance:Login2.UserLoginTest2@2fc14f68]" name="testBackLogin3" duration-ms="50333" started-at="2017-12-17T19:23:08Z" finished-at="2017-12-17T19:23:58Z">
          <reporter-output>
          </reporter-output>
        </test-method> <!-- testBackLogin3 -->
        <test-method status="PASS" signature="testBackLogin4()[pri:0, instance:Login2.UserLoginTest2@2fc14f68]" name="testBackLogin4" duration-ms="50232" started-at="2017-12-17T19:23:58Z" finished-at="2017-12-17T19:24:49Z">
          <reporter-output>
          </reporter-output>
        </test-method> <!-- testBackLogin4 -->
        <test-method status="PASS" signature="testBackLogin5()[pri:0, instance:Login2.UserLoginTest2@2fc14f68]" name="testBackLogin5" duration-ms="27595" started-at="2017-12-17T19:24:49Z" finished-at="2017-12-17T19:25:16Z">
          <reporter-output>
          </reporter-output>
        </test-method> <!-- testBackLogin5 -->
        <test-method status="PASS" signature="doAfterMethod()[pri:0, instance:Login2.UserLoginTest2@2fc14f68]" name="doAfterMethod" is-config="true" duration-ms="4502" started-at="2017-12-17T19:25:16Z" finished-at="2017-12-17T19:25:21Z">
          <reporter-output>
          </reporter-output>
        </test-method> <!-- doAfterMethod -->
      </class> <!-- Login2.UserLoginTest2 -->
      <class name="Register.UserRegisterTest">
        <test-method status="PASS" signature="doBeforeMethod()[pri:0, instance:Register.UserRegisterTest@7907ec20]" name="doBeforeMethod" is-config="true" duration-ms="13704" started-at="2017-12-17T19:32:17Z" finished-at="2017-12-17T19:32:31Z">
          <reporter-output>
          </reporter-output>
        </test-method> <!-- doBeforeMethod -->
        <test-method status="PASS" signature="testBackLogin()[pri:0, instance:Register.UserRegisterTest@7907ec20]" name="testBackLogin" duration-ms="30712" started-at="2017-12-17T19:32:31Z" finished-at="2017-12-17T19:33:02Z">
          <reporter-output>
          </reporter-output>
        </test-method> <!-- testBackLogin -->
        <test-method status="PASS" signature="testBackLogin10()[pri:0, instance:Register.UserRegisterTest@7907ec20]" name="testBackLogin10" duration-ms="28350" started-at="2017-12-17T19:33:02Z" finished-at="2017-12-17T19:33:30Z">
          <reporter-output>
          </reporter-output>
        </test-method> <!-- testBackLogin10 -->
        <test-method status="PASS" signature="testBackLogin11()[pri:0, instance:Register.UserRegisterTest@7907ec20]" name="testBackLogin11" duration-ms="28310" started-at="2017-12-17T19:33:30Z" finished-at="2017-12-17T19:33:59Z">
          <reporter-output>
          </reporter-output>
        </test-method> <!-- testBackLogin11 -->
        <test-method status="PASS" signature="testBackLogin12()[pri:0, instance:Register.UserRegisterTest@7907ec20]" name="testBackLogin12" duration-ms="27902" started-at="2017-12-17T19:33:59Z" finished-at="2017-12-17T19:34:26Z">
          <reporter-output>
          </reporter-output>
        </test-method> <!-- testBackLogin12 -->
        <test-method status="PASS" signature="testBackLogin13()[pri:0, instance:Register.UserRegisterTest@7907ec20]" name="testBackLogin13" duration-ms="27857" started-at="2017-12-17T19:34:26Z" finished-at="2017-12-17T19:34:54Z">
          <reporter-output>
          </reporter-output>
        </test-method> <!-- testBackLogin13 -->
        <test-method status="PASS" signature="testBackLogin14()[pri:0, instance:Register.UserRegisterTest@7907ec20]" name="testBackLogin14" duration-ms="27903" started-at="2017-12-17T19:34:54Z" finished-at="2017-12-17T19:35:22Z">
          <reporter-output>
          </reporter-output>
        </test-method> <!-- testBackLogin14 -->
        <test-method status="PASS" signature="testBackLogin2()[pri:0, instance:Register.UserRegisterTest@7907ec20]" name="testBackLogin2" duration-ms="28018" started-at="2017-12-17T19:35:22Z" finished-at="2017-12-17T19:35:50Z">
          <reporter-output>
          </reporter-output>
        </test-method> <!-- testBackLogin2 -->
        <test-method status="PASS" signature="testBackLogin3()[pri:0, instance:Register.UserRegisterTest@7907ec20]" name="testBackLogin3" duration-ms="27831" started-at="2017-12-17T19:35:50Z" finished-at="2017-12-17T19:36:18Z">
          <reporter-output>
          </reporter-output>
        </test-method> <!-- testBackLogin3 -->
        <test-method status="PASS" signature="testBackLogin4()[pri:0, instance:Register.UserRegisterTest@7907ec20]" name="testBackLogin4" duration-ms="27798" started-at="2017-12-17T19:36:18Z" finished-at="2017-12-17T19:36:46Z">
          <reporter-output>
          </reporter-output>
        </test-method> <!-- testBackLogin4 -->
        <test-method status="PASS" signature="testBackLogin5()[pri:0, instance:Register.UserRegisterTest@7907ec20]" name="testBackLogin5" duration-ms="27685" started-at="2017-12-17T19:36:46Z" finished-at="2017-12-17T19:37:14Z">
          <reporter-output>
          </reporter-output>
        </test-method> <!-- testBackLogin5 -->
        <test-method status="PASS" signature="testBackLogin6()[pri:0, instance:Register.UserRegisterTest@7907ec20]" name="testBackLogin6" duration-ms="28154" started-at="2017-12-17T19:37:14Z" finished-at="2017-12-17T19:37:42Z">
          <reporter-output>
          </reporter-output>
        </test-method> <!-- testBackLogin6 -->
        <test-method status="PASS" signature="testBackLogin7()[pri:0, instance:Register.UserRegisterTest@7907ec20]" name="testBackLogin7" duration-ms="27704" started-at="2017-12-17T19:37:42Z" finished-at="2017-12-17T19:38:09Z">
          <reporter-output>
          </reporter-output>
        </test-method> <!-- testBackLogin7 -->
        <test-method status="PASS" signature="testBackLogin8()[pri:0, instance:Register.UserRegisterTest@7907ec20]" name="testBackLogin8" duration-ms="27717" started-at="2017-12-17T19:38:09Z" finished-at="2017-12-17T19:38:37Z">
          <reporter-output>
          </reporter-output>
        </test-method> <!-- testBackLogin8 -->
        <test-method status="PASS" signature="testBackLogin9()[pri:0, instance:Register.UserRegisterTest@7907ec20]" name="testBackLogin9" duration-ms="27764" started-at="2017-12-17T19:38:37Z" finished-at="2017-12-17T19:39:05Z">
          <reporter-output>
          </reporter-output>
        </test-method> <!-- testBackLogin9 -->
        <test-method status="PASS" signature="doAfterMethod()[pri:0, instance:Register.UserRegisterTest@7907ec20]" name="doAfterMethod" is-config="true" duration-ms="6080" started-at="2017-12-17T19:39:05Z" finished-at="2017-12-17T19:39:11Z">
          <reporter-output>
          </reporter-output>
        </test-method> <!-- doAfterMethod -->
      </class> <!-- Register.UserRegisterTest -->
      <class name="Login1.LoginTest7">
        <test-method status="PASS" signature="testForget()[pri:0, instance:Login1.LoginTest7@66048bfd]" name="testForget" duration-ms="18148" started-at="2017-12-17T19:25:37Z" finished-at="2017-12-17T19:25:55Z">
          <reporter-output>
          </reporter-output>
        </test-method> <!-- testForget -->
      </class> <!-- Login1.LoginTest7 -->
      <class name="PersonalInformation.PITest6">
        <test-method status="FAIL" signature="information()[pri:0, instance:PersonalInformation.PITest6@2b80d80f]" name="information" duration-ms="19132" started-at="2017-12-17T19:31:12Z" finished-at="2017-12-17T19:31:31Z">
          <exception class="org.openqa.selenium.NoSuchElementException">
            <message>
              <![CDATA[Unable to locate element: html/body/div[1]/div/ul[2]/li[1]/a[1]
For documentation on this error, please visit: http://seleniumhq.org/exceptions/no_such_element.html
Build info: version: '3.6.0', revision: '6fbf3ec767', time: '2017-09-27T16:15:40.131Z'
System info: host: 'DESKTOP-4FV6CFN', ip: '192.168.157.1', os.name: 'Windows 10', os.arch: 'amd64', os.version: '10.0', java.version: '1.8.0_121'
Driver info: org.openqa.selenium.firefox.FirefoxDriver
Capabilities [{moz:profile=C:\Users\郗睿杰\AppData\Local\Temp\rust_mozprofile.EqUFamMRqOAC, rotatable=false, timeouts={implicit=0, pageLoad=300000, script=30000}, pageLoadStrategy=normal, platform=XP, specificationLevel=0, moz:accessibilityChecks=false, acceptInsecureCerts=true, browserVersion=55.0.3, platformVersion=10.0, moz:processID=7500, browserName=firefox, javascriptEnabled=true, platformName=XP}]
Session ID: 70d03a84-0a40-4ce7-b61a-99a76de1817e
*** Element info: {Using=xpath, value=html/body/div[1]/div/ul[2]/li[1]/a[1]}]]>
            </message>
            <full-stacktrace>
              <![CDATA[org.openqa.selenium.NoSuchElementException: Unable to locate element: html/body/div[1]/div/ul[2]/li[1]/a[1]
For documentation on this error, please visit: http://seleniumhq.org/exceptions/no_such_element.html
Build info: version: '3.6.0', revision: '6fbf3ec767', time: '2017-09-27T16:15:40.131Z'
System info: host: 'DESKTOP-4FV6CFN', ip: '192.168.157.1', os.name: 'Windows 10', os.arch: 'amd64', os.version: '10.0', java.version: '1.8.0_121'
Driver info: org.openqa.selenium.firefox.FirefoxDriver
Capabilities [{moz:profile=C:\Users\郗睿杰\AppData\Local\Temp\rust_mozprofile.EqUFamMRqOAC, rotatable=false, timeouts={implicit=0, pageLoad=300000, script=30000}, pageLoadStrategy=normal, platform=XP, specificationLevel=0, moz:accessibilityChecks=false, acceptInsecureCerts=true, browserVersion=55.0.3, platformVersion=10.0, moz:processID=7500, browserName=firefox, javascriptEnabled=true, platformName=XP}]
Session ID: 70d03a84-0a40-4ce7-b61a-99a76de1817e
*** Element info: {Using=xpath, value=html/body/div[1]/div/ul[2]/li[1]/a[1]}
	at sun.reflect.NativeConstructorAccessorImpl.newInstance0(Native Method)
	at sun.reflect.NativeConstructorAccessorImpl.newInstance(NativeConstructorAccessorImpl.java:62)
	at sun.reflect.DelegatingConstructorAccessorImpl.newInstance(DelegatingConstructorAccessorImpl.java:45)
	at java.lang.reflect.Constructor.newInstance(Constructor.java:423)
	at org.openqa.selenium.remote.http.W3CHttpResponseCodec.createException(W3CHttpResponseCodec.java:185)
	at org.openqa.selenium.remote.http.W3CHttpResponseCodec.decode(W3CHttpResponseCodec.java:120)
	at org.openqa.selenium.remote.http.W3CHttpResponseCodec.decode(W3CHttpResponseCodec.java:49)
	at org.openqa.selenium.remote.HttpCommandExecutor.execute(HttpCommandExecutor.java:164)
	at org.openqa.selenium.remote.service.DriverCommandExecutor.execute(DriverCommandExecutor.java:83)
	at org.openqa.selenium.remote.RemoteWebDriver.execute(RemoteWebDriver.java:586)
	at org.openqa.selenium.remote.RemoteWebDriver.findElement(RemoteWebDriver.java:356)
	at org.openqa.selenium.remote.RemoteWebDriver.findElementByXPath(RemoteWebDriver.java:458)
	at org.openqa.selenium.By$ByXPath.findElement(By.java:361)
	at org.openqa.selenium.remote.RemoteWebDriver.findElement(RemoteWebDriver.java:348)
	at PersonalInformation.PITest6.information(PITest6.java:21)
	at sun.reflect.NativeMethodAccessorImpl.invoke0(Native Method)
	at sun.reflect.NativeMethodAccessorImpl.invoke(NativeMethodAccessorImpl.java:62)
	at sun.reflect.DelegatingMethodAccessorImpl.invoke(DelegatingMethodAccessorImpl.java:43)
	at java.lang.reflect.Method.invoke(Method.java:498)
	at org.testng.internal.MethodInvocationHelper.invokeMethod(MethodInvocationHelper.java:85)
	at org.testng.internal.Invoker.invokeMethod(Invoker.java:639)
	at org.testng.internal.Invoker.invokeTestMethod(Invoker.java:816)
	at org.testng.internal.Invoker.invokeTestMethods(Invoker.java:1124)
	at org.testng.internal.TestMethodWorker.invokeTestMethods(TestMethodWorker.java:125)
	at org.testng.internal.TestMethodWorker.run(TestMethodWorker.java:108)
	at org.testng.TestRunner.privateRun(TestRunner.java:774)
	at org.testng.TestRunner.run(TestRunner.java:624)
	at org.testng.SuiteRunner.runTest(SuiteRunner.java:359)
	at org.testng.SuiteRunner.runSequentially(SuiteRunner.java:354)
	at org.testng.SuiteRunner.privateRun(SuiteRunner.java:312)
	at org.testng.SuiteRunner.run(SuiteRunner.java:261)
	at org.testng.SuiteRunnerWorker.runSuite(SuiteRunnerWorker.java:52)
	at org.testng.SuiteRunnerWorker.run(SuiteRunnerWorker.java:86)
	at org.testng.TestNG.runSuitesSequentially(TestNG.java:1215)
	at org.testng.TestNG.runSuitesLocally(TestNG.java:1140)
	at org.testng.TestNG.run(TestNG.java:1048)
	at org.testng.TestNG.privateMain(TestNG.java:1355)
	at org.testng.TestNG.main(TestNG.java:1324)
]]>
            </full-stacktrace>
          </exception> <!-- org.openqa.selenium.NoSuchElementException -->
          <reporter-output>
          </reporter-output>
        </test-method> <!-- information -->
      </class> <!-- PersonalInformation.PITest6 -->
      <class name="Login1.LoginTest14">
        <test-method status="PASS" signature="testForget()[pri:0, instance:Login1.LoginTest14@33a10788]" name="testForget" duration-ms="16475" started-at="2017-12-17T19:27:43Z" finished-at="2017-12-17T19:28:00Z">
          <reporter-output>
          </reporter-output>
        </test-method> <!-- testForget -->
      </class> <!-- Login1.LoginTest14 -->
      <class name="PersonalInformation.PITest5">
        <test-method status="FAIL" signature="information()[pri:0, instance:PersonalInformation.PITest5@2aafb23c]" name="information" duration-ms="19887" started-at="2017-12-17T19:30:52Z" finished-at="2017-12-17T19:31:12Z">
          <exception class="org.openqa.selenium.NoSuchElementException">
            <message>
              <![CDATA[Unable to locate element: html/body/div[1]/div/ul[2]/li[1]/a[1]
For documentation on this error, please visit: http://seleniumhq.org/exceptions/no_such_element.html
Build info: version: '3.6.0', revision: '6fbf3ec767', time: '2017-09-27T16:15:40.131Z'
System info: host: 'DESKTOP-4FV6CFN', ip: '192.168.157.1', os.name: 'Windows 10', os.arch: 'amd64', os.version: '10.0', java.version: '1.8.0_121'
Driver info: org.openqa.selenium.firefox.FirefoxDriver
Capabilities [{moz:profile=C:\Users\郗睿杰\AppData\Local\Temp\rust_mozprofile.dcAGC2mSslXy, rotatable=false, timeouts={implicit=0, pageLoad=300000, script=30000}, pageLoadStrategy=normal, platform=XP, specificationLevel=0, moz:accessibilityChecks=false, acceptInsecureCerts=true, browserVersion=55.0.3, platformVersion=10.0, moz:processID=9540, browserName=firefox, javascriptEnabled=true, platformName=XP}]
Session ID: 3d994e02-a051-49b8-9d54-e808c6c01235
*** Element info: {Using=xpath, value=html/body/div[1]/div/ul[2]/li[1]/a[1]}]]>
            </message>
            <full-stacktrace>
              <![CDATA[org.openqa.selenium.NoSuchElementException: Unable to locate element: html/body/div[1]/div/ul[2]/li[1]/a[1]
For documentation on this error, please visit: http://seleniumhq.org/exceptions/no_such_element.html
Build info: version: '3.6.0', revision: '6fbf3ec767', time: '2017-09-27T16:15:40.131Z'
System info: host: 'DESKTOP-4FV6CFN', ip: '192.168.157.1', os.name: 'Windows 10', os.arch: 'amd64', os.version: '10.0', java.version: '1.8.0_121'
Driver info: org.openqa.selenium.firefox.FirefoxDriver
Capabilities [{moz:profile=C:\Users\郗睿杰\AppData\Local\Temp\rust_mozprofile.dcAGC2mSslXy, rotatable=false, timeouts={implicit=0, pageLoad=300000, script=30000}, pageLoadStrategy=normal, platform=XP, specificationLevel=0, moz:accessibilityChecks=false, acceptInsecureCerts=true, browserVersion=55.0.3, platformVersion=10.0, moz:processID=9540, browserName=firefox, javascriptEnabled=true, platformName=XP}]
Session ID: 3d994e02-a051-49b8-9d54-e808c6c01235
*** Element info: {Using=xpath, value=html/body/div[1]/div/ul[2]/li[1]/a[1]}
	at sun.reflect.NativeConstructorAccessorImpl.newInstance0(Native Method)
	at sun.reflect.NativeConstructorAccessorImpl.newInstance(NativeConstructorAccessorImpl.java:62)
	at sun.reflect.DelegatingConstructorAccessorImpl.newInstance(DelegatingConstructorAccessorImpl.java:45)
	at java.lang.reflect.Constructor.newInstance(Constructor.java:423)
	at org.openqa.selenium.remote.http.W3CHttpResponseCodec.createException(W3CHttpResponseCodec.java:185)
	at org.openqa.selenium.remote.http.W3CHttpResponseCodec.decode(W3CHttpResponseCodec.java:120)
	at org.openqa.selenium.remote.http.W3CHttpResponseCodec.decode(W3CHttpResponseCodec.java:49)
	at org.openqa.selenium.remote.HttpCommandExecutor.execute(HttpCommandExecutor.java:164)
	at org.openqa.selenium.remote.service.DriverCommandExecutor.execute(DriverCommandExecutor.java:83)
	at org.openqa.selenium.remote.RemoteWebDriver.execute(RemoteWebDriver.java:586)
	at org.openqa.selenium.remote.RemoteWebDriver.findElement(RemoteWebDriver.java:356)
	at org.openqa.selenium.remote.RemoteWebDriver.findElementByXPath(RemoteWebDriver.java:458)
	at org.openqa.selenium.By$ByXPath.findElement(By.java:361)
	at org.openqa.selenium.remote.RemoteWebDriver.findElement(RemoteWebDriver.java:348)
	at PersonalInformation.PITest5.information(PITest5.java:21)
	at sun.reflect.NativeMethodAccessorImpl.invoke0(Native Method)
	at sun.reflect.NativeMethodAccessorImpl.invoke(NativeMethodAccessorImpl.java:62)
	at sun.reflect.DelegatingMethodAccessorImpl.invoke(DelegatingMethodAccessorImpl.java:43)
	at java.lang.reflect.Method.invoke(Method.java:498)
	at org.testng.internal.MethodInvocationHelper.invokeMethod(MethodInvocationHelper.java:85)
	at org.testng.internal.Invoker.invokeMethod(Invoker.java:639)
	at org.testng.internal.Invoker.invokeTestMethod(Invoker.java:816)
	at org.testng.internal.Invoker.invokeTestMethods(Invoker.java:1124)
	at org.testng.internal.TestMethodWorker.invokeTestMethods(TestMethodWorker.java:125)
	at org.testng.internal.TestMethodWorker.run(TestMethodWorker.java:108)
	at org.testng.TestRunner.privateRun(TestRunner.java:774)
	at org.testng.TestRunner.run(TestRunner.java:624)
	at org.testng.SuiteRunner.runTest(SuiteRunner.java:359)
	at org.testng.SuiteRunner.runSequentially(SuiteRunner.java:354)
	at org.testng.SuiteRunner.privateRun(SuiteRunner.java:312)
	at org.testng.SuiteRunner.run(SuiteRunner.java:261)
	at org.testng.SuiteRunnerWorker.runSuite(SuiteRunnerWorker.java:52)
	at org.testng.SuiteRunnerWorker.run(SuiteRunnerWorker.java:86)
	at org.testng.TestNG.runSuitesSequentially(TestNG.java:1215)
	at org.testng.TestNG.runSuitesLocally(TestNG.java:1140)
	at org.testng.TestNG.run(TestNG.java:1048)
	at org.testng.TestNG.privateMain(TestNG.java:1355)
	at org.testng.TestNG.main(TestNG.java:1324)
]]>
            </full-stacktrace>
          </exception> <!-- org.openqa.selenium.NoSuchElementException -->
          <reporter-output>
          </reporter-output>
        </test-method> <!-- information -->
      </class> <!-- PersonalInformation.PITest5 -->
      <class name="Login1.LoginTest15">
        <test-method status="PASS" signature="testForget()[pri:0, instance:Login1.LoginTest15@7006c658]" name="testForget" duration-ms="17154" started-at="2017-12-17T19:28:00Z" finished-at="2017-12-17T19:28:17Z">
          <reporter-output>
          </reporter-output>
        </test-method> <!-- testForget -->
      </class> <!-- Login1.LoginTest15 -->
      <class name="PersonalInformation.PITest8">
        <test-method status="FAIL" signature="information()[pri:0, instance:PersonalInformation.PITest8@2eee9593]" name="information" duration-ms="21254" started-at="2017-12-17T19:31:56Z" finished-at="2017-12-17T19:32:17Z">
          <exception class="org.openqa.selenium.NoSuchElementException">
            <message>
              <![CDATA[Unable to locate element: html/body/div[1]/div/ul[2]/li[1]/a[1]
For documentation on this error, please visit: http://seleniumhq.org/exceptions/no_such_element.html
Build info: version: '3.6.0', revision: '6fbf3ec767', time: '2017-09-27T16:15:40.131Z'
System info: host: 'DESKTOP-4FV6CFN', ip: '192.168.157.1', os.name: 'Windows 10', os.arch: 'amd64', os.version: '10.0', java.version: '1.8.0_121'
Driver info: org.openqa.selenium.firefox.FirefoxDriver
Capabilities [{moz:profile=C:\Users\郗睿杰\AppData\Local\Temp\rust_mozprofile.13RSAk1BAycH, rotatable=false, timeouts={implicit=0, pageLoad=300000, script=30000}, pageLoadStrategy=normal, platform=XP, specificationLevel=0, moz:accessibilityChecks=false, acceptInsecureCerts=true, browserVersion=55.0.3, platformVersion=10.0, moz:processID=9500, browserName=firefox, javascriptEnabled=true, platformName=XP}]
Session ID: 6fc99ed1-e360-4d83-9991-df7d940cdbd3
*** Element info: {Using=xpath, value=html/body/div[1]/div/ul[2]/li[1]/a[1]}]]>
            </message>
            <full-stacktrace>
              <![CDATA[org.openqa.selenium.NoSuchElementException: Unable to locate element: html/body/div[1]/div/ul[2]/li[1]/a[1]
For documentation on this error, please visit: http://seleniumhq.org/exceptions/no_such_element.html
Build info: version: '3.6.0', revision: '6fbf3ec767', time: '2017-09-27T16:15:40.131Z'
System info: host: 'DESKTOP-4FV6CFN', ip: '192.168.157.1', os.name: 'Windows 10', os.arch: 'amd64', os.version: '10.0', java.version: '1.8.0_121'
Driver info: org.openqa.selenium.firefox.FirefoxDriver
Capabilities [{moz:profile=C:\Users\郗睿杰\AppData\Local\Temp\rust_mozprofile.13RSAk1BAycH, rotatable=false, timeouts={implicit=0, pageLoad=300000, script=30000}, pageLoadStrategy=normal, platform=XP, specificationLevel=0, moz:accessibilityChecks=false, acceptInsecureCerts=true, browserVersion=55.0.3, platformVersion=10.0, moz:processID=9500, browserName=firefox, javascriptEnabled=true, platformName=XP}]
Session ID: 6fc99ed1-e360-4d83-9991-df7d940cdbd3
*** Element info: {Using=xpath, value=html/body/div[1]/div/ul[2]/li[1]/a[1]}
	at sun.reflect.NativeConstructorAccessorImpl.newInstance0(Native Method)
	at sun.reflect.NativeConstructorAccessorImpl.newInstance(NativeConstructorAccessorImpl.java:62)
	at sun.reflect.DelegatingConstructorAccessorImpl.newInstance(DelegatingConstructorAccessorImpl.java:45)
	at java.lang.reflect.Constructor.newInstance(Constructor.java:423)
	at org.openqa.selenium.remote.http.W3CHttpResponseCodec.createException(W3CHttpResponseCodec.java:185)
	at org.openqa.selenium.remote.http.W3CHttpResponseCodec.decode(W3CHttpResponseCodec.java:120)
	at org.openqa.selenium.remote.http.W3CHttpResponseCodec.decode(W3CHttpResponseCodec.java:49)
	at org.openqa.selenium.remote.HttpCommandExecutor.execute(HttpCommandExecutor.java:164)
	at org.openqa.selenium.remote.service.DriverCommandExecutor.execute(DriverCommandExecutor.java:83)
	at org.openqa.selenium.remote.RemoteWebDriver.execute(RemoteWebDriver.java:586)
	at org.openqa.selenium.remote.RemoteWebDriver.findElement(RemoteWebDriver.java:356)
	at org.openqa.selenium.remote.RemoteWebDriver.findElementByXPath(RemoteWebDriver.java:458)
	at org.openqa.selenium.By$ByXPath.findElement(By.java:361)
	at org.openqa.selenium.remote.RemoteWebDriver.findElement(RemoteWebDriver.java:348)
	at PersonalInformation.PITest8.information(PITest8.java:21)
	at sun.reflect.NativeMethodAccessorImpl.invoke0(Native Method)
	at sun.reflect.NativeMethodAccessorImpl.invoke(NativeMethodAccessorImpl.java:62)
	at sun.reflect.DelegatingMethodAccessorImpl.invoke(DelegatingMethodAccessorImpl.java:43)
	at java.lang.reflect.Method.invoke(Method.java:498)
	at org.testng.internal.MethodInvocationHelper.invokeMethod(MethodInvocationHelper.java:85)
	at org.testng.internal.Invoker.invokeMethod(Invoker.java:639)
	at org.testng.internal.Invoker.invokeTestMethod(Invoker.java:816)
	at org.testng.internal.Invoker.invokeTestMethods(Invoker.java:1124)
	at org.testng.internal.TestMethodWorker.invokeTestMethods(TestMethodWorker.java:125)
	at org.testng.internal.TestMethodWorker.run(TestMethodWorker.java:108)
	at org.testng.TestRunner.privateRun(TestRunner.java:774)
	at org.testng.TestRunner.run(TestRunner.java:624)
	at org.testng.SuiteRunner.runTest(SuiteRunner.java:359)
	at org.testng.SuiteRunner.runSequentially(SuiteRunner.java:354)
	at org.testng.SuiteRunner.privateRun(SuiteRunner.java:312)
	at org.testng.SuiteRunner.run(SuiteRunner.java:261)
	at org.testng.SuiteRunnerWorker.runSuite(SuiteRunnerWorker.java:52)
	at org.testng.SuiteRunnerWorker.run(SuiteRunnerWorker.java:86)
	at org.testng.TestNG.runSuitesSequentially(TestNG.java:1215)
	at org.testng.TestNG.runSuitesLocally(TestNG.java:1140)
	at org.testng.TestNG.run(TestNG.java:1048)
	at org.testng.TestNG.privateMain(TestNG.java:1355)
	at org.testng.TestNG.main(TestNG.java:1324)
]]>
            </full-stacktrace>
          </exception> <!-- org.openqa.selenium.NoSuchElementException -->
          <reporter-output>
          </reporter-output>
        </test-method> <!-- information -->
      </class> <!-- PersonalInformation.PITest8 -->
      <class name="Login1.LoginTest16">
        <test-method status="PASS" signature="testForget()[pri:0, instance:Login1.LoginTest16@34033bd0]" name="testForget" duration-ms="12347" started-at="2017-12-17T19:28:17Z" finished-at="2017-12-17T19:28:29Z">
          <reporter-output>
          </reporter-output>
        </test-method> <!-- testForget -->
      </class> <!-- Login1.LoginTest16 -->
      <class name="PersonalInformation.PITest7">
        <test-method status="FAIL" signature="information()[pri:0, instance:PersonalInformation.PITest7@3ab39c39]" name="information" duration-ms="25530" started-at="2017-12-17T19:31:31Z" finished-at="2017-12-17T19:31:56Z">
          <exception class="org.openqa.selenium.NoSuchElementException">
            <message>
              <![CDATA[Unable to locate element: html/body/div[1]/div/ul[2]/li[1]/a[1]
For documentation on this error, please visit: http://seleniumhq.org/exceptions/no_such_element.html
Build info: version: '3.6.0', revision: '6fbf3ec767', time: '2017-09-27T16:15:40.131Z'
System info: host: 'DESKTOP-4FV6CFN', ip: '192.168.157.1', os.name: 'Windows 10', os.arch: 'amd64', os.version: '10.0', java.version: '1.8.0_121'
Driver info: org.openqa.selenium.firefox.FirefoxDriver
Capabilities [{moz:profile=C:\Users\郗睿杰\AppData\Local\Temp\rust_mozprofile.pUZk8jexvyGE, rotatable=false, timeouts={implicit=0, pageLoad=300000, script=30000}, pageLoadStrategy=normal, platform=XP, specificationLevel=0, moz:accessibilityChecks=false, acceptInsecureCerts=true, browserVersion=55.0.3, platformVersion=10.0, moz:processID=6724, browserName=firefox, javascriptEnabled=true, platformName=XP}]
Session ID: 3140b51f-80ea-4bf7-8acf-921dbf316214
*** Element info: {Using=xpath, value=html/body/div[1]/div/ul[2]/li[1]/a[1]}]]>
            </message>
            <full-stacktrace>
              <![CDATA[org.openqa.selenium.NoSuchElementException: Unable to locate element: html/body/div[1]/div/ul[2]/li[1]/a[1]
For documentation on this error, please visit: http://seleniumhq.org/exceptions/no_such_element.html
Build info: version: '3.6.0', revision: '6fbf3ec767', time: '2017-09-27T16:15:40.131Z'
System info: host: 'DESKTOP-4FV6CFN', ip: '192.168.157.1', os.name: 'Windows 10', os.arch: 'amd64', os.version: '10.0', java.version: '1.8.0_121'
Driver info: org.openqa.selenium.firefox.FirefoxDriver
Capabilities [{moz:profile=C:\Users\郗睿杰\AppData\Local\Temp\rust_mozprofile.pUZk8jexvyGE, rotatable=false, timeouts={implicit=0, pageLoad=300000, script=30000}, pageLoadStrategy=normal, platform=XP, specificationLevel=0, moz:accessibilityChecks=false, acceptInsecureCerts=true, browserVersion=55.0.3, platformVersion=10.0, moz:processID=6724, browserName=firefox, javascriptEnabled=true, platformName=XP}]
Session ID: 3140b51f-80ea-4bf7-8acf-921dbf316214
*** Element info: {Using=xpath, value=html/body/div[1]/div/ul[2]/li[1]/a[1]}
	at sun.reflect.NativeConstructorAccessorImpl.newInstance0(Native Method)
	at sun.reflect.NativeConstructorAccessorImpl.newInstance(NativeConstructorAccessorImpl.java:62)
	at sun.reflect.DelegatingConstructorAccessorImpl.newInstance(DelegatingConstructorAccessorImpl.java:45)
	at java.lang.reflect.Constructor.newInstance(Constructor.java:423)
	at org.openqa.selenium.remote.http.W3CHttpResponseCodec.createException(W3CHttpResponseCodec.java:185)
	at org.openqa.selenium.remote.http.W3CHttpResponseCodec.decode(W3CHttpResponseCodec.java:120)
	at org.openqa.selenium.remote.http.W3CHttpResponseCodec.decode(W3CHttpResponseCodec.java:49)
	at org.openqa.selenium.remote.HttpCommandExecutor.execute(HttpCommandExecutor.java:164)
	at org.openqa.selenium.remote.service.DriverCommandExecutor.execute(DriverCommandExecutor.java:83)
	at org.openqa.selenium.remote.RemoteWebDriver.execute(RemoteWebDriver.java:586)
	at org.openqa.selenium.remote.RemoteWebDriver.findElement(RemoteWebDriver.java:356)
	at org.openqa.selenium.remote.RemoteWebDriver.findElementByXPath(RemoteWebDriver.java:458)
	at org.openqa.selenium.By$ByXPath.findElement(By.java:361)
	at org.openqa.selenium.remote.RemoteWebDriver.findElement(RemoteWebDriver.java:348)
	at PersonalInformation.PITest7.information(PITest7.java:21)
	at sun.reflect.NativeMethodAccessorImpl.invoke0(Native Method)
	at sun.reflect.NativeMethodAccessorImpl.invoke(NativeMethodAccessorImpl.java:62)
	at sun.reflect.DelegatingMethodAccessorImpl.invoke(DelegatingMethodAccessorImpl.java:43)
	at java.lang.reflect.Method.invoke(Method.java:498)
	at org.testng.internal.MethodInvocationHelper.invokeMethod(MethodInvocationHelper.java:85)
	at org.testng.internal.Invoker.invokeMethod(Invoker.java:639)
	at org.testng.internal.Invoker.invokeTestMethod(Invoker.java:816)
	at org.testng.internal.Invoker.invokeTestMethods(Invoker.java:1124)
	at org.testng.internal.TestMethodWorker.invokeTestMethods(TestMethodWorker.java:125)
	at org.testng.internal.TestMethodWorker.run(TestMethodWorker.java:108)
	at org.testng.TestRunner.privateRun(TestRunner.java:774)
	at org.testng.TestRunner.run(TestRunner.java:624)
	at org.testng.SuiteRunner.runTest(SuiteRunner.java:359)
	at org.testng.SuiteRunner.runSequentially(SuiteRunner.java:354)
	at org.testng.SuiteRunner.privateRun(SuiteRunner.java:312)
	at org.testng.SuiteRunner.run(SuiteRunner.java:261)
	at org.testng.SuiteRunnerWorker.runSuite(SuiteRunnerWorker.java:52)
	at org.testng.SuiteRunnerWorker.run(SuiteRunnerWorker.java:86)
	at org.testng.TestNG.runSuitesSequentially(TestNG.java:1215)
	at org.testng.TestNG.runSuitesLocally(TestNG.java:1140)
	at org.testng.TestNG.run(TestNG.java:1048)
	at org.testng.TestNG.privateMain(TestNG.java:1355)
	at org.testng.TestNG.main(TestNG.java:1324)
]]>
            </full-stacktrace>
          </exception> <!-- org.openqa.selenium.NoSuchElementException -->
          <reporter-output>
          </reporter-output>
        </test-method> <!-- information -->
      </class> <!-- PersonalInformation.PITest7 -->
      <class name="PersonalInformation.PITest2">
        <test-method status="FAIL" signature="information()[pri:0, instance:PersonalInformation.PITest2@1ae369b7]" name="information" duration-ms="22174" started-at="2017-12-17T19:29:46Z" finished-at="2017-12-17T19:30:08Z">
          <exception class="org.openqa.selenium.NoSuchElementException">
            <message>
              <![CDATA[Unable to locate element: html/body/div[1]/div/ul[2]/li[1]/a[1]
For documentation on this error, please visit: http://seleniumhq.org/exceptions/no_such_element.html
Build info: version: '3.6.0', revision: '6fbf3ec767', time: '2017-09-27T16:15:40.131Z'
System info: host: 'DESKTOP-4FV6CFN', ip: '192.168.157.1', os.name: 'Windows 10', os.arch: 'amd64', os.version: '10.0', java.version: '1.8.0_121'
Driver info: org.openqa.selenium.firefox.FirefoxDriver
Capabilities [{moz:profile=C:\Users\郗睿杰\AppData\Local\Temp\rust_mozprofile.gx2HG7AAHOo9, rotatable=false, timeouts={implicit=0, pageLoad=300000, script=30000}, pageLoadStrategy=normal, platform=XP, specificationLevel=0, moz:accessibilityChecks=false, acceptInsecureCerts=true, browserVersion=55.0.3, platformVersion=10.0, moz:processID=5636, browserName=firefox, javascriptEnabled=true, platformName=XP}]
Session ID: 20528eee-f7ae-41ad-ab46-4b7be816b28e
*** Element info: {Using=xpath, value=html/body/div[1]/div/ul[2]/li[1]/a[1]}]]>
            </message>
            <full-stacktrace>
              <![CDATA[org.openqa.selenium.NoSuchElementException: Unable to locate element: html/body/div[1]/div/ul[2]/li[1]/a[1]
For documentation on this error, please visit: http://seleniumhq.org/exceptions/no_such_element.html
Build info: version: '3.6.0', revision: '6fbf3ec767', time: '2017-09-27T16:15:40.131Z'
System info: host: 'DESKTOP-4FV6CFN', ip: '192.168.157.1', os.name: 'Windows 10', os.arch: 'amd64', os.version: '10.0', java.version: '1.8.0_121'
Driver info: org.openqa.selenium.firefox.FirefoxDriver
Capabilities [{moz:profile=C:\Users\郗睿杰\AppData\Local\Temp\rust_mozprofile.gx2HG7AAHOo9, rotatable=false, timeouts={implicit=0, pageLoad=300000, script=30000}, pageLoadStrategy=normal, platform=XP, specificationLevel=0, moz:accessibilityChecks=false, acceptInsecureCerts=true, browserVersion=55.0.3, platformVersion=10.0, moz:processID=5636, browserName=firefox, javascriptEnabled=true, platformName=XP}]
Session ID: 20528eee-f7ae-41ad-ab46-4b7be816b28e
*** Element info: {Using=xpath, value=html/body/div[1]/div/ul[2]/li[1]/a[1]}
	at sun.reflect.NativeConstructorAccessorImpl.newInstance0(Native Method)
	at sun.reflect.NativeConstructorAccessorImpl.newInstance(NativeConstructorAccessorImpl.java:62)
	at sun.reflect.DelegatingConstructorAccessorImpl.newInstance(DelegatingConstructorAccessorImpl.java:45)
	at java.lang.reflect.Constructor.newInstance(Constructor.java:423)
	at org.openqa.selenium.remote.http.W3CHttpResponseCodec.createException(W3CHttpResponseCodec.java:185)
	at org.openqa.selenium.remote.http.W3CHttpResponseCodec.decode(W3CHttpResponseCodec.java:120)
	at org.openqa.selenium.remote.http.W3CHttpResponseCodec.decode(W3CHttpResponseCodec.java:49)
	at org.openqa.selenium.remote.HttpCommandExecutor.execute(HttpCommandExecutor.java:164)
	at org.openqa.selenium.remote.service.DriverCommandExecutor.execute(DriverCommandExecutor.java:83)
	at org.openqa.selenium.remote.RemoteWebDriver.execute(RemoteWebDriver.java:586)
	at org.openqa.selenium.remote.RemoteWebDriver.findElement(RemoteWebDriver.java:356)
	at org.openqa.selenium.remote.RemoteWebDriver.findElementByXPath(RemoteWebDriver.java:458)
	at org.openqa.selenium.By$ByXPath.findElement(By.java:361)
	at org.openqa.selenium.remote.RemoteWebDriver.findElement(RemoteWebDriver.java:348)
	at PersonalInformation.PITest2.information(PITest2.java:21)
	at sun.reflect.NativeMethodAccessorImpl.invoke0(Native Method)
	at sun.reflect.NativeMethodAccessorImpl.invoke(NativeMethodAccessorImpl.java:62)
	at sun.reflect.DelegatingMethodAccessorImpl.invoke(DelegatingMethodAccessorImpl.java:43)
	at java.lang.reflect.Method.invoke(Method.java:498)
	at org.testng.internal.MethodInvocationHelper.invokeMethod(MethodInvocationHelper.java:85)
	at org.testng.internal.Invoker.invokeMethod(Invoker.java:639)
	at org.testng.internal.Invoker.invokeTestMethod(Invoker.java:816)
	at org.testng.internal.Invoker.invokeTestMethods(Invoker.java:1124)
	at org.testng.internal.TestMethodWorker.invokeTestMethods(TestMethodWorker.java:125)
	at org.testng.internal.TestMethodWorker.run(TestMethodWorker.java:108)
	at org.testng.TestRunner.privateRun(TestRunner.java:774)
	at org.testng.TestRunner.run(TestRunner.java:624)
	at org.testng.SuiteRunner.runTest(SuiteRunner.java:359)
	at org.testng.SuiteRunner.runSequentially(SuiteRunner.java:354)
	at org.testng.SuiteRunner.privateRun(SuiteRunner.java:312)
	at org.testng.SuiteRunner.run(SuiteRunner.java:261)
	at org.testng.SuiteRunnerWorker.runSuite(SuiteRunnerWorker.java:52)
	at org.testng.SuiteRunnerWorker.run(SuiteRunnerWorker.java:86)
	at org.testng.TestNG.runSuitesSequentially(TestNG.java:1215)
	at org.testng.TestNG.runSuitesLocally(TestNG.java:1140)
	at org.testng.TestNG.run(TestNG.java:1048)
	at org.testng.TestNG.privateMain(TestNG.java:1355)
	at org.testng.TestNG.main(TestNG.java:1324)
]]>
            </full-stacktrace>
          </exception> <!-- org.openqa.selenium.NoSuchElementException -->
          <reporter-output>
          </reporter-output>
        </test-method> <!-- information -->
      </class> <!-- PersonalInformation.PITest2 -->
      <class name="Login1.LoginTest10">
        <test-method status="PASS" signature="testForget()[pri:0, instance:Login1.LoginTest10@61a52fbd]" name="testForget" duration-ms="16916" started-at="2017-12-17T19:26:32Z" finished-at="2017-12-17T19:26:49Z">
          <reporter-output>
          </reporter-output>
        </test-method> <!-- testForget -->
      </class> <!-- Login1.LoginTest10 -->
      <class name="PersonalInformation.PITest1">
        <test-method status="FAIL" signature="information()[pri:0, instance:PersonalInformation.PITest1@3834d63f]" name="information" duration-ms="16242" started-at="2017-12-17T19:29:30Z" finished-at="2017-12-17T19:29:46Z">
          <exception class="org.openqa.selenium.NoSuchElementException">
            <message>
              <![CDATA[Unable to locate element: html/body/div[1]/div/ul[2]/li[1]/a[1]
For documentation on this error, please visit: http://seleniumhq.org/exceptions/no_such_element.html
Build info: version: '3.6.0', revision: '6fbf3ec767', time: '2017-09-27T16:15:40.131Z'
System info: host: 'DESKTOP-4FV6CFN', ip: '192.168.157.1', os.name: 'Windows 10', os.arch: 'amd64', os.version: '10.0', java.version: '1.8.0_121'
Driver info: org.openqa.selenium.firefox.FirefoxDriver
Capabilities [{moz:profile=C:\Users\郗睿杰\AppData\Local\Temp\rust_mozprofile.a0cTENLT1LLg, rotatable=false, timeouts={implicit=0, pageLoad=300000, script=30000}, pageLoadStrategy=normal, platform=XP, specificationLevel=0, moz:accessibilityChecks=false, acceptInsecureCerts=true, browserVersion=55.0.3, platformVersion=10.0, moz:processID=13084, browserName=firefox, javascriptEnabled=true, platformName=XP}]
Session ID: feaef75e-1227-4eea-86cb-ae0b5a2828d1
*** Element info: {Using=xpath, value=html/body/div[1]/div/ul[2]/li[1]/a[1]}]]>
            </message>
            <full-stacktrace>
              <![CDATA[org.openqa.selenium.NoSuchElementException: Unable to locate element: html/body/div[1]/div/ul[2]/li[1]/a[1]
For documentation on this error, please visit: http://seleniumhq.org/exceptions/no_such_element.html
Build info: version: '3.6.0', revision: '6fbf3ec767', time: '2017-09-27T16:15:40.131Z'
System info: host: 'DESKTOP-4FV6CFN', ip: '192.168.157.1', os.name: 'Windows 10', os.arch: 'amd64', os.version: '10.0', java.version: '1.8.0_121'
Driver info: org.openqa.selenium.firefox.FirefoxDriver
Capabilities [{moz:profile=C:\Users\郗睿杰\AppData\Local\Temp\rust_mozprofile.a0cTENLT1LLg, rotatable=false, timeouts={implicit=0, pageLoad=300000, script=30000}, pageLoadStrategy=normal, platform=XP, specificationLevel=0, moz:accessibilityChecks=false, acceptInsecureCerts=true, browserVersion=55.0.3, platformVersion=10.0, moz:processID=13084, browserName=firefox, javascriptEnabled=true, platformName=XP}]
Session ID: feaef75e-1227-4eea-86cb-ae0b5a2828d1
*** Element info: {Using=xpath, value=html/body/div[1]/div/ul[2]/li[1]/a[1]}
	at sun.reflect.NativeConstructorAccessorImpl.newInstance0(Native Method)
	at sun.reflect.NativeConstructorAccessorImpl.newInstance(NativeConstructorAccessorImpl.java:62)
	at sun.reflect.DelegatingConstructorAccessorImpl.newInstance(DelegatingConstructorAccessorImpl.java:45)
	at java.lang.reflect.Constructor.newInstance(Constructor.java:423)
	at org.openqa.selenium.remote.http.W3CHttpResponseCodec.createException(W3CHttpResponseCodec.java:185)
	at org.openqa.selenium.remote.http.W3CHttpResponseCodec.decode(W3CHttpResponseCodec.java:120)
	at org.openqa.selenium.remote.http.W3CHttpResponseCodec.decode(W3CHttpResponseCodec.java:49)
	at org.openqa.selenium.remote.HttpCommandExecutor.execute(HttpCommandExecutor.java:164)
	at org.openqa.selenium.remote.service.DriverCommandExecutor.execute(DriverCommandExecutor.java:83)
	at org.openqa.selenium.remote.RemoteWebDriver.execute(RemoteWebDriver.java:586)
	at org.openqa.selenium.remote.RemoteWebDriver.findElement(RemoteWebDriver.java:356)
	at org.openqa.selenium.remote.RemoteWebDriver.findElementByXPath(RemoteWebDriver.java:458)
	at org.openqa.selenium.By$ByXPath.findElement(By.java:361)
	at org.openqa.selenium.remote.RemoteWebDriver.findElement(RemoteWebDriver.java:348)
	at PersonalInformation.PITest1.information(PITest1.java:21)
	at sun.reflect.NativeMethodAccessorImpl.invoke0(Native Method)
	at sun.reflect.NativeMethodAccessorImpl.invoke(NativeMethodAccessorImpl.java:62)
	at sun.reflect.DelegatingMethodAccessorImpl.invoke(DelegatingMethodAccessorImpl.java:43)
	at java.lang.reflect.Method.invoke(Method.java:498)
	at org.testng.internal.MethodInvocationHelper.invokeMethod(MethodInvocationHelper.java:85)
	at org.testng.internal.Invoker.invokeMethod(Invoker.java:639)
	at org.testng.internal.Invoker.invokeTestMethod(Invoker.java:816)
	at org.testng.internal.Invoker.invokeTestMethods(Invoker.java:1124)
	at org.testng.internal.TestMethodWorker.invokeTestMethods(TestMethodWorker.java:125)
	at org.testng.internal.TestMethodWorker.run(TestMethodWorker.java:108)
	at org.testng.TestRunner.privateRun(TestRunner.java:774)
	at org.testng.TestRunner.run(TestRunner.java:624)
	at org.testng.SuiteRunner.runTest(SuiteRunner.java:359)
	at org.testng.SuiteRunner.runSequentially(SuiteRunner.java:354)
	at org.testng.SuiteRunner.privateRun(SuiteRunner.java:312)
	at org.testng.SuiteRunner.run(SuiteRunner.java:261)
	at org.testng.SuiteRunnerWorker.runSuite(SuiteRunnerWorker.java:52)
	at org.testng.SuiteRunnerWorker.run(SuiteRunnerWorker.java:86)
	at org.testng.TestNG.runSuitesSequentially(TestNG.java:1215)
	at org.testng.TestNG.runSuitesLocally(TestNG.java:1140)
	at org.testng.TestNG.run(TestNG.java:1048)
	at org.testng.TestNG.privateMain(TestNG.java:1355)
	at org.testng.TestNG.main(TestNG.java:1324)
]]>
            </full-stacktrace>
          </exception> <!-- org.openqa.selenium.NoSuchElementException -->
          <reporter-output>
          </reporter-output>
        </test-method> <!-- information -->
      </class> <!-- PersonalInformation.PITest1 -->
      <class name="Login1.LoginTest11">
        <test-method status="PASS" signature="testForget()[pri:0, instance:Login1.LoginTest11@233c0b17]" name="testForget" duration-ms="18408" started-at="2017-12-17T19:26:49Z" finished-at="2017-12-17T19:27:07Z">
          <reporter-output>
          </reporter-output>
        </test-method> <!-- testForget -->
      </class> <!-- Login1.LoginTest11 -->
      <class name="PersonalInformation.PITest4">
        <test-method status="FAIL" signature="information()[pri:0, instance:PersonalInformation.PITest4@34340fab]" name="information" duration-ms="17516" started-at="2017-12-17T19:30:34Z" finished-at="2017-12-17T19:30:52Z">
          <exception class="org.openqa.selenium.NoSuchElementException">
            <message>
              <![CDATA[Unable to locate element: html/body/div[1]/div/ul[2]/li[1]/a[1]
For documentation on this error, please visit: http://seleniumhq.org/exceptions/no_such_element.html
Build info: version: '3.6.0', revision: '6fbf3ec767', time: '2017-09-27T16:15:40.131Z'
System info: host: 'DESKTOP-4FV6CFN', ip: '192.168.157.1', os.name: 'Windows 10', os.arch: 'amd64', os.version: '10.0', java.version: '1.8.0_121'
Driver info: org.openqa.selenium.firefox.FirefoxDriver
Capabilities [{moz:profile=C:\Users\郗睿杰\AppData\Local\Temp\rust_mozprofile.Qjw0gAcsgGIr, rotatable=false, timeouts={implicit=0, pageLoad=300000, script=30000}, pageLoadStrategy=normal, platform=XP, specificationLevel=0, moz:accessibilityChecks=false, acceptInsecureCerts=true, browserVersion=55.0.3, platformVersion=10.0, moz:processID=984, browserName=firefox, javascriptEnabled=true, platformName=XP}]
Session ID: 1d36d2a8-0cd4-4130-9368-a4a83e45951e
*** Element info: {Using=xpath, value=html/body/div[1]/div/ul[2]/li[1]/a[1]}]]>
            </message>
            <full-stacktrace>
              <![CDATA[org.openqa.selenium.NoSuchElementException: Unable to locate element: html/body/div[1]/div/ul[2]/li[1]/a[1]
For documentation on this error, please visit: http://seleniumhq.org/exceptions/no_such_element.html
Build info: version: '3.6.0', revision: '6fbf3ec767', time: '2017-09-27T16:15:40.131Z'
System info: host: 'DESKTOP-4FV6CFN', ip: '192.168.157.1', os.name: 'Windows 10', os.arch: 'amd64', os.version: '10.0', java.version: '1.8.0_121'
Driver info: org.openqa.selenium.firefox.FirefoxDriver
Capabilities [{moz:profile=C:\Users\郗睿杰\AppData\Local\Temp\rust_mozprofile.Qjw0gAcsgGIr, rotatable=false, timeouts={implicit=0, pageLoad=300000, script=30000}, pageLoadStrategy=normal, platform=XP, specificationLevel=0, moz:accessibilityChecks=false, acceptInsecureCerts=true, browserVersion=55.0.3, platformVersion=10.0, moz:processID=984, browserName=firefox, javascriptEnabled=true, platformName=XP}]
Session ID: 1d36d2a8-0cd4-4130-9368-a4a83e45951e
*** Element info: {Using=xpath, value=html/body/div[1]/div/ul[2]/li[1]/a[1]}
	at sun.reflect.NativeConstructorAccessorImpl.newInstance0(Native Method)
	at sun.reflect.NativeConstructorAccessorImpl.newInstance(NativeConstructorAccessorImpl.java:62)
	at sun.reflect.DelegatingConstructorAccessorImpl.newInstance(DelegatingConstructorAccessorImpl.java:45)
	at java.lang.reflect.Constructor.newInstance(Constructor.java:423)
	at org.openqa.selenium.remote.http.W3CHttpResponseCodec.createException(W3CHttpResponseCodec.java:185)
	at org.openqa.selenium.remote.http.W3CHttpResponseCodec.decode(W3CHttpResponseCodec.java:120)
	at org.openqa.selenium.remote.http.W3CHttpResponseCodec.decode(W3CHttpResponseCodec.java:49)
	at org.openqa.selenium.remote.HttpCommandExecutor.execute(HttpCommandExecutor.java:164)
	at org.openqa.selenium.remote.service.DriverCommandExecutor.execute(DriverCommandExecutor.java:83)
	at org.openqa.selenium.remote.RemoteWebDriver.execute(RemoteWebDriver.java:586)
	at org.openqa.selenium.remote.RemoteWebDriver.findElement(RemoteWebDriver.java:356)
	at org.openqa.selenium.remote.RemoteWebDriver.findElementByXPath(RemoteWebDriver.java:458)
	at org.openqa.selenium.By$ByXPath.findElement(By.java:361)
	at org.openqa.selenium.remote.RemoteWebDriver.findElement(RemoteWebDriver.java:348)
	at PersonalInformation.PITest4.information(PITest4.java:21)
	at sun.reflect.NativeMethodAccessorImpl.invoke0(Native Method)
	at sun.reflect.NativeMethodAccessorImpl.invoke(NativeMethodAccessorImpl.java:62)
	at sun.reflect.DelegatingMethodAccessorImpl.invoke(DelegatingMethodAccessorImpl.java:43)
	at java.lang.reflect.Method.invoke(Method.java:498)
	at org.testng.internal.MethodInvocationHelper.invokeMethod(MethodInvocationHelper.java:85)
	at org.testng.internal.Invoker.invokeMethod(Invoker.java:639)
	at org.testng.internal.Invoker.invokeTestMethod(Invoker.java:816)
	at org.testng.internal.Invoker.invokeTestMethods(Invoker.java:1124)
	at org.testng.internal.TestMethodWorker.invokeTestMethods(TestMethodWorker.java:125)
	at org.testng.internal.TestMethodWorker.run(TestMethodWorker.java:108)
	at org.testng.TestRunner.privateRun(TestRunner.java:774)
	at org.testng.TestRunner.run(TestRunner.java:624)
	at org.testng.SuiteRunner.runTest(SuiteRunner.java:359)
	at org.testng.SuiteRunner.runSequentially(SuiteRunner.java:354)
	at org.testng.SuiteRunner.privateRun(SuiteRunner.java:312)
	at org.testng.SuiteRunner.run(SuiteRunner.java:261)
	at org.testng.SuiteRunnerWorker.runSuite(SuiteRunnerWorker.java:52)
	at org.testng.SuiteRunnerWorker.run(SuiteRunnerWorker.java:86)
	at org.testng.TestNG.runSuitesSequentially(TestNG.java:1215)
	at org.testng.TestNG.runSuitesLocally(TestNG.java:1140)
	at org.testng.TestNG.run(TestNG.java:1048)
	at org.testng.TestNG.privateMain(TestNG.java:1355)
	at org.testng.TestNG.main(TestNG.java:1324)
]]>
            </full-stacktrace>
          </exception> <!-- org.openqa.selenium.NoSuchElementException -->
          <reporter-output>
          </reporter-output>
        </test-method> <!-- information -->
      </class> <!-- PersonalInformation.PITest4 -->
      <class name="Login1.LoginTest12">
        <test-method status="PASS" signature="testForget()[pri:0, instance:Login1.LoginTest12@63d4e2ba]" name="testForget" duration-ms="18430" started-at="2017-12-17T19:27:07Z" finished-at="2017-12-17T19:27:26Z">
          <reporter-output>
          </reporter-output>
        </test-method> <!-- testForget -->
      </class> <!-- Login1.LoginTest12 -->
      <class name="PersonalInformation.PITest3">
        <test-method status="FAIL" signature="information()[pri:0, instance:PersonalInformation.PITest3@6fffcba5]" name="information" duration-ms="26054" started-at="2017-12-17T19:30:08Z" finished-at="2017-12-17T19:30:34Z">
          <exception class="org.openqa.selenium.NoSuchElementException">
            <message>
              <![CDATA[Unable to locate element: html/body/div[1]/div/ul[2]/li[1]/a[1]
For documentation on this error, please visit: http://seleniumhq.org/exceptions/no_such_element.html
Build info: version: '3.6.0', revision: '6fbf3ec767', time: '2017-09-27T16:15:40.131Z'
System info: host: 'DESKTOP-4FV6CFN', ip: '192.168.157.1', os.name: 'Windows 10', os.arch: 'amd64', os.version: '10.0', java.version: '1.8.0_121'
Driver info: org.openqa.selenium.firefox.FirefoxDriver
Capabilities [{moz:profile=C:\Users\郗睿杰\AppData\Local\Temp\rust_mozprofile.eVsziM0sSkve, rotatable=false, timeouts={implicit=0, pageLoad=300000, script=30000}, pageLoadStrategy=normal, platform=XP, specificationLevel=0, moz:accessibilityChecks=false, acceptInsecureCerts=true, browserVersion=55.0.3, platformVersion=10.0, moz:processID=12020, browserName=firefox, javascriptEnabled=true, platformName=XP}]
Session ID: 697833e9-5457-491e-8177-e25029d22fac
*** Element info: {Using=xpath, value=html/body/div[1]/div/ul[2]/li[1]/a[1]}]]>
            </message>
            <full-stacktrace>
              <![CDATA[org.openqa.selenium.NoSuchElementException: Unable to locate element: html/body/div[1]/div/ul[2]/li[1]/a[1]
For documentation on this error, please visit: http://seleniumhq.org/exceptions/no_such_element.html
Build info: version: '3.6.0', revision: '6fbf3ec767', time: '2017-09-27T16:15:40.131Z'
System info: host: 'DESKTOP-4FV6CFN', ip: '192.168.157.1', os.name: 'Windows 10', os.arch: 'amd64', os.version: '10.0', java.version: '1.8.0_121'
Driver info: org.openqa.selenium.firefox.FirefoxDriver
Capabilities [{moz:profile=C:\Users\郗睿杰\AppData\Local\Temp\rust_mozprofile.eVsziM0sSkve, rotatable=false, timeouts={implicit=0, pageLoad=300000, script=30000}, pageLoadStrategy=normal, platform=XP, specificationLevel=0, moz:accessibilityChecks=false, acceptInsecureCerts=true, browserVersion=55.0.3, platformVersion=10.0, moz:processID=12020, browserName=firefox, javascriptEnabled=true, platformName=XP}]
Session ID: 697833e9-5457-491e-8177-e25029d22fac
*** Element info: {Using=xpath, value=html/body/div[1]/div/ul[2]/li[1]/a[1]}
	at sun.reflect.NativeConstructorAccessorImpl.newInstance0(Native Method)
	at sun.reflect.NativeConstructorAccessorImpl.newInstance(NativeConstructorAccessorImpl.java:62)
	at sun.reflect.DelegatingConstructorAccessorImpl.newInstance(DelegatingConstructorAccessorImpl.java:45)
	at java.lang.reflect.Constructor.newInstance(Constructor.java:423)
	at org.openqa.selenium.remote.http.W3CHttpResponseCodec.createException(W3CHttpResponseCodec.java:185)
	at org.openqa.selenium.remote.http.W3CHttpResponseCodec.decode(W3CHttpResponseCodec.java:120)
	at org.openqa.selenium.remote.http.W3CHttpResponseCodec.decode(W3CHttpResponseCodec.java:49)
	at org.openqa.selenium.remote.HttpCommandExecutor.execute(HttpCommandExecutor.java:164)
	at org.openqa.selenium.remote.service.DriverCommandExecutor.execute(DriverCommandExecutor.java:83)
	at org.openqa.selenium.remote.RemoteWebDriver.execute(RemoteWebDriver.java:586)
	at org.openqa.selenium.remote.RemoteWebDriver.findElement(RemoteWebDriver.java:356)
	at org.openqa.selenium.remote.RemoteWebDriver.findElementByXPath(RemoteWebDriver.java:458)
	at org.openqa.selenium.By$ByXPath.findElement(By.java:361)
	at org.openqa.selenium.remote.RemoteWebDriver.findElement(RemoteWebDriver.java:348)
	at PersonalInformation.PITest3.information(PITest3.java:21)
	at sun.reflect.NativeMethodAccessorImpl.invoke0(Native Method)
	at sun.reflect.NativeMethodAccessorImpl.invoke(NativeMethodAccessorImpl.java:62)
	at sun.reflect.DelegatingMethodAccessorImpl.invoke(DelegatingMethodAccessorImpl.java:43)
	at java.lang.reflect.Method.invoke(Method.java:498)
	at org.testng.internal.MethodInvocationHelper.invokeMethod(MethodInvocationHelper.java:85)
	at org.testng.internal.Invoker.invokeMethod(Invoker.java:639)
	at org.testng.internal.Invoker.invokeTestMethod(Invoker.java:816)
	at org.testng.internal.Invoker.invokeTestMethods(Invoker.java:1124)
	at org.testng.internal.TestMethodWorker.invokeTestMethods(TestMethodWorker.java:125)
	at org.testng.internal.TestMethodWorker.run(TestMethodWorker.java:108)
	at org.testng.TestRunner.privateRun(TestRunner.java:774)
	at org.testng.TestRunner.run(TestRunner.java:624)
	at org.testng.SuiteRunner.runTest(SuiteRunner.java:359)
	at org.testng.SuiteRunner.runSequentially(SuiteRunner.java:354)
	at org.testng.SuiteRunner.privateRun(SuiteRunner.java:312)
	at org.testng.SuiteRunner.run(SuiteRunner.java:261)
	at org.testng.SuiteRunnerWorker.runSuite(SuiteRunnerWorker.java:52)
	at org.testng.SuiteRunnerWorker.run(SuiteRunnerWorker.java:86)
	at org.testng.TestNG.runSuitesSequentially(TestNG.java:1215)
	at org.testng.TestNG.runSuitesLocally(TestNG.java:1140)
	at org.testng.TestNG.run(TestNG.java:1048)
	at org.testng.TestNG.privateMain(TestNG.java:1355)
	at org.testng.TestNG.main(TestNG.java:1324)
]]>
            </full-stacktrace>
          </exception> <!-- org.openqa.selenium.NoSuchElementException -->
          <reporter-output>
          </reporter-output>
        </test-method> <!-- information -->
      </class> <!-- PersonalInformation.PITest3 -->
      <class name="Login1.LoginTest13">
        <test-method status="PASS" signature="testForget()[pri:0, instance:Login1.LoginTest13@7bb11784]" name="testForget" duration-ms="17489" started-at="2017-12-17T19:27:26Z" finished-at="2017-12-17T19:27:43Z">
          <reporter-output>
          </reporter-output>
        </test-method> <!-- testForget -->
      </class> <!-- Login1.LoginTest13 -->
      <class name="MyOrder.MyOrderTest3">
        <test-method status="FAIL" signature="order()[pri:0, instance:MyOrder.MyOrderTest3@17d99928]" name="order" duration-ms="14225" started-at="2017-12-17T19:29:15Z" finished-at="2017-12-17T19:29:30Z">
          <exception class="org.openqa.selenium.NoSuchElementException">
            <message>
              <![CDATA[Unable to locate element: html/body/div[1]/div/ul[2]/li[3]/a
For documentation on this error, please visit: http://seleniumhq.org/exceptions/no_such_element.html
Build info: version: '3.6.0', revision: '6fbf3ec767', time: '2017-09-27T16:15:40.131Z'
System info: host: 'DESKTOP-4FV6CFN', ip: '192.168.157.1', os.name: 'Windows 10', os.arch: 'amd64', os.version: '10.0', java.version: '1.8.0_121'
Driver info: org.openqa.selenium.firefox.FirefoxDriver
Capabilities [{moz:profile=C:\Users\郗睿杰\AppData\Local\Temp\rust_mozprofile.1s7Z9c670Owb, rotatable=false, timeouts={implicit=0, pageLoad=300000, script=30000}, pageLoadStrategy=normal, platform=XP, specificationLevel=0, moz:accessibilityChecks=false, acceptInsecureCerts=true, browserVersion=55.0.3, platformVersion=10.0, moz:processID=6448, browserName=firefox, javascriptEnabled=true, platformName=XP}]
Session ID: 18ff7286-c72c-450e-9df3-f43f342560f1
*** Element info: {Using=xpath, value=html/body/div[1]/div/ul[2]/li[3]/a}]]>
            </message>
            <full-stacktrace>
              <![CDATA[org.openqa.selenium.NoSuchElementException: Unable to locate element: html/body/div[1]/div/ul[2]/li[3]/a
For documentation on this error, please visit: http://seleniumhq.org/exceptions/no_such_element.html
Build info: version: '3.6.0', revision: '6fbf3ec767', time: '2017-09-27T16:15:40.131Z'
System info: host: 'DESKTOP-4FV6CFN', ip: '192.168.157.1', os.name: 'Windows 10', os.arch: 'amd64', os.version: '10.0', java.version: '1.8.0_121'
Driver info: org.openqa.selenium.firefox.FirefoxDriver
Capabilities [{moz:profile=C:\Users\郗睿杰\AppData\Local\Temp\rust_mozprofile.1s7Z9c670Owb, rotatable=false, timeouts={implicit=0, pageLoad=300000, script=30000}, pageLoadStrategy=normal, platform=XP, specificationLevel=0, moz:accessibilityChecks=false, acceptInsecureCerts=true, browserVersion=55.0.3, platformVersion=10.0, moz:processID=6448, browserName=firefox, javascriptEnabled=true, platformName=XP}]
Session ID: 18ff7286-c72c-450e-9df3-f43f342560f1
*** Element info: {Using=xpath, value=html/body/div[1]/div/ul[2]/li[3]/a}
	at sun.reflect.NativeConstructorAccessorImpl.newInstance0(Native Method)
	at sun.reflect.NativeConstructorAccessorImpl.newInstance(NativeConstructorAccessorImpl.java:62)
	at sun.reflect.DelegatingConstructorAccessorImpl.newInstance(DelegatingConstructorAccessorImpl.java:45)
	at java.lang.reflect.Constructor.newInstance(Constructor.java:423)
	at org.openqa.selenium.remote.http.W3CHttpResponseCodec.createException(W3CHttpResponseCodec.java:185)
	at org.openqa.selenium.remote.http.W3CHttpResponseCodec.decode(W3CHttpResponseCodec.java:120)
	at org.openqa.selenium.remote.http.W3CHttpResponseCodec.decode(W3CHttpResponseCodec.java:49)
	at org.openqa.selenium.remote.HttpCommandExecutor.execute(HttpCommandExecutor.java:164)
	at org.openqa.selenium.remote.service.DriverCommandExecutor.execute(DriverCommandExecutor.java:83)
	at org.openqa.selenium.remote.RemoteWebDriver.execute(RemoteWebDriver.java:586)
	at org.openqa.selenium.remote.RemoteWebDriver.findElement(RemoteWebDriver.java:356)
	at org.openqa.selenium.remote.RemoteWebDriver.findElementByXPath(RemoteWebDriver.java:458)
	at org.openqa.selenium.By$ByXPath.findElement(By.java:361)
	at org.openqa.selenium.remote.RemoteWebDriver.findElement(RemoteWebDriver.java:348)
	at MyOrder.MyOrderTest3.order(MyOrderTest3.java:21)
	at sun.reflect.NativeMethodAccessorImpl.invoke0(Native Method)
	at sun.reflect.NativeMethodAccessorImpl.invoke(NativeMethodAccessorImpl.java:62)
	at sun.reflect.DelegatingMethodAccessorImpl.invoke(DelegatingMethodAccessorImpl.java:43)
	at java.lang.reflect.Method.invoke(Method.java:498)
	at org.testng.internal.MethodInvocationHelper.invokeMethod(MethodInvocationHelper.java:85)
	at org.testng.internal.Invoker.invokeMethod(Invoker.java:639)
	at org.testng.internal.Invoker.invokeTestMethod(Invoker.java:816)
	at org.testng.internal.Invoker.invokeTestMethods(Invoker.java:1124)
	at org.testng.internal.TestMethodWorker.invokeTestMethods(TestMethodWorker.java:125)
	at org.testng.internal.TestMethodWorker.run(TestMethodWorker.java:108)
	at org.testng.TestRunner.privateRun(TestRunner.java:774)
	at org.testng.TestRunner.run(TestRunner.java:624)
	at org.testng.SuiteRunner.runTest(SuiteRunner.java:359)
	at org.testng.SuiteRunner.runSequentially(SuiteRunner.java:354)
	at org.testng.SuiteRunner.privateRun(SuiteRunner.java:312)
	at org.testng.SuiteRunner.run(SuiteRunner.java:261)
	at org.testng.SuiteRunnerWorker.runSuite(SuiteRunnerWorker.java:52)
	at org.testng.SuiteRunnerWorker.run(SuiteRunnerWorker.java:86)
	at org.testng.TestNG.runSuitesSequentially(TestNG.java:1215)
	at org.testng.TestNG.runSuitesLocally(TestNG.java:1140)
	at org.testng.TestNG.run(TestNG.java:1048)
	at org.testng.TestNG.privateMain(TestNG.java:1355)
	at org.testng.TestNG.main(TestNG.java:1324)
]]>
            </full-stacktrace>
          </exception> <!-- org.openqa.selenium.NoSuchElementException -->
          <reporter-output>
          </reporter-output>
        </test-method> <!-- order -->
      </class> <!-- MyOrder.MyOrderTest3 -->
      <class name="MyOrder.MyOrderTest2">
        <test-method status="FAIL" signature="order()[pri:0, instance:MyOrder.MyOrderTest2@3aa9e816]" name="order" duration-ms="17223" started-at="2017-12-17T19:28:58Z" finished-at="2017-12-17T19:29:15Z">
          <exception class="org.openqa.selenium.NoSuchElementException">
            <message>
              <![CDATA[Unable to locate element: html/body/div[1]/div/ul[2]/li[3]/a
For documentation on this error, please visit: http://seleniumhq.org/exceptions/no_such_element.html
Build info: version: '3.6.0', revision: '6fbf3ec767', time: '2017-09-27T16:15:40.131Z'
System info: host: 'DESKTOP-4FV6CFN', ip: '192.168.157.1', os.name: 'Windows 10', os.arch: 'amd64', os.version: '10.0', java.version: '1.8.0_121'
Driver info: org.openqa.selenium.firefox.FirefoxDriver
Capabilities [{moz:profile=C:\Users\郗睿杰\AppData\Local\Temp\rust_mozprofile.j2ytF1mtza4J, rotatable=false, timeouts={implicit=0, pageLoad=300000, script=30000}, pageLoadStrategy=normal, platform=XP, specificationLevel=0, moz:accessibilityChecks=false, acceptInsecureCerts=true, browserVersion=55.0.3, platformVersion=10.0, moz:processID=10496, browserName=firefox, javascriptEnabled=true, platformName=XP}]
Session ID: 8f2882fb-5352-4dc6-911d-abee3c3c8693
*** Element info: {Using=xpath, value=html/body/div[1]/div/ul[2]/li[3]/a}]]>
            </message>
            <full-stacktrace>
              <![CDATA[org.openqa.selenium.NoSuchElementException: Unable to locate element: html/body/div[1]/div/ul[2]/li[3]/a
For documentation on this error, please visit: http://seleniumhq.org/exceptions/no_such_element.html
Build info: version: '3.6.0', revision: '6fbf3ec767', time: '2017-09-27T16:15:40.131Z'
System info: host: 'DESKTOP-4FV6CFN', ip: '192.168.157.1', os.name: 'Windows 10', os.arch: 'amd64', os.version: '10.0', java.version: '1.8.0_121'
Driver info: org.openqa.selenium.firefox.FirefoxDriver
Capabilities [{moz:profile=C:\Users\郗睿杰\AppData\Local\Temp\rust_mozprofile.j2ytF1mtza4J, rotatable=false, timeouts={implicit=0, pageLoad=300000, script=30000}, pageLoadStrategy=normal, platform=XP, specificationLevel=0, moz:accessibilityChecks=false, acceptInsecureCerts=true, browserVersion=55.0.3, platformVersion=10.0, moz:processID=10496, browserName=firefox, javascriptEnabled=true, platformName=XP}]
Session ID: 8f2882fb-5352-4dc6-911d-abee3c3c8693
*** Element info: {Using=xpath, value=html/body/div[1]/div/ul[2]/li[3]/a}
	at sun.reflect.NativeConstructorAccessorImpl.newInstance0(Native Method)
	at sun.reflect.NativeConstructorAccessorImpl.newInstance(NativeConstructorAccessorImpl.java:62)
	at sun.reflect.DelegatingConstructorAccessorImpl.newInstance(DelegatingConstructorAccessorImpl.java:45)
	at java.lang.reflect.Constructor.newInstance(Constructor.java:423)
	at org.openqa.selenium.remote.http.W3CHttpResponseCodec.createException(W3CHttpResponseCodec.java:185)
	at org.openqa.selenium.remote.http.W3CHttpResponseCodec.decode(W3CHttpResponseCodec.java:120)
	at org.openqa.selenium.remote.http.W3CHttpResponseCodec.decode(W3CHttpResponseCodec.java:49)
	at org.openqa.selenium.remote.HttpCommandExecutor.execute(HttpCommandExecutor.java:164)
	at org.openqa.selenium.remote.service.DriverCommandExecutor.execute(DriverCommandExecutor.java:83)
	at org.openqa.selenium.remote.RemoteWebDriver.execute(RemoteWebDriver.java:586)
	at org.openqa.selenium.remote.RemoteWebDriver.findElement(RemoteWebDriver.java:356)
	at org.openqa.selenium.remote.RemoteWebDriver.findElementByXPath(RemoteWebDriver.java:458)
	at org.openqa.selenium.By$ByXPath.findElement(By.java:361)
	at org.openqa.selenium.remote.RemoteWebDriver.findElement(RemoteWebDriver.java:348)
	at MyOrder.MyOrderTest2.order(MyOrderTest2.java:21)
	at sun.reflect.NativeMethodAccessorImpl.invoke0(Native Method)
	at sun.reflect.NativeMethodAccessorImpl.invoke(NativeMethodAccessorImpl.java:62)
	at sun.reflect.DelegatingMethodAccessorImpl.invoke(DelegatingMethodAccessorImpl.java:43)
	at java.lang.reflect.Method.invoke(Method.java:498)
	at org.testng.internal.MethodInvocationHelper.invokeMethod(MethodInvocationHelper.java:85)
	at org.testng.internal.Invoker.invokeMethod(Invoker.java:639)
	at org.testng.internal.Invoker.invokeTestMethod(Invoker.java:816)
	at org.testng.internal.Invoker.invokeTestMethods(Invoker.java:1124)
	at org.testng.internal.TestMethodWorker.invokeTestMethods(TestMethodWorker.java:125)
	at org.testng.internal.TestMethodWorker.run(TestMethodWorker.java:108)
	at org.testng.TestRunner.privateRun(TestRunner.java:774)
	at org.testng.TestRunner.run(TestRunner.java:624)
	at org.testng.SuiteRunner.runTest(SuiteRunner.java:359)
	at org.testng.SuiteRunner.runSequentially(SuiteRunner.java:354)
	at org.testng.SuiteRunner.privateRun(SuiteRunner.java:312)
	at org.testng.SuiteRunner.run(SuiteRunner.java:261)
	at org.testng.SuiteRunnerWorker.runSuite(SuiteRunnerWorker.java:52)
	at org.testng.SuiteRunnerWorker.run(SuiteRunnerWorker.java:86)
	at org.testng.TestNG.runSuitesSequentially(TestNG.java:1215)
	at org.testng.TestNG.runSuitesLocally(TestNG.java:1140)
	at org.testng.TestNG.run(TestNG.java:1048)
	at org.testng.TestNG.privateMain(TestNG.java:1355)
	at org.testng.TestNG.main(TestNG.java:1324)
]]>
            </full-stacktrace>
          </exception> <!-- org.openqa.selenium.NoSuchElementException -->
          <reporter-output>
          </reporter-output>
        </test-method> <!-- order -->
      </class> <!-- MyOrder.MyOrderTest2 -->
      <class name="MyOrder.MyOrderTest1">
        <test-method status="FAIL" signature="order()[pri:0, instance:MyOrder.MyOrderTest1@7cdbc5d3]" name="order" duration-ms="16683" started-at="2017-12-17T19:28:41Z" finished-at="2017-12-17T19:28:58Z">
          <exception class="org.openqa.selenium.NoSuchElementException">
            <message>
              <![CDATA[Unable to locate element: html/body/div[1]/div/ul[2]/li[3]/a
For documentation on this error, please visit: http://seleniumhq.org/exceptions/no_such_element.html
Build info: version: '3.6.0', revision: '6fbf3ec767', time: '2017-09-27T16:15:40.131Z'
System info: host: 'DESKTOP-4FV6CFN', ip: '192.168.157.1', os.name: 'Windows 10', os.arch: 'amd64', os.version: '10.0', java.version: '1.8.0_121'
Driver info: org.openqa.selenium.firefox.FirefoxDriver
Capabilities [{moz:profile=C:\Users\郗睿杰\AppData\Local\Temp\rust_mozprofile.TRwlN4JkB0eh, rotatable=false, timeouts={implicit=0, pageLoad=300000, script=30000}, pageLoadStrategy=normal, platform=XP, specificationLevel=0, moz:accessibilityChecks=false, acceptInsecureCerts=true, browserVersion=55.0.3, platformVersion=10.0, moz:processID=16128, browserName=firefox, javascriptEnabled=true, platformName=XP}]
Session ID: 4988e03d-8fb7-42d1-93e9-45488bd5bea9
*** Element info: {Using=xpath, value=html/body/div[1]/div/ul[2]/li[3]/a}]]>
            </message>
            <full-stacktrace>
              <![CDATA[org.openqa.selenium.NoSuchElementException: Unable to locate element: html/body/div[1]/div/ul[2]/li[3]/a
For documentation on this error, please visit: http://seleniumhq.org/exceptions/no_such_element.html
Build info: version: '3.6.0', revision: '6fbf3ec767', time: '2017-09-27T16:15:40.131Z'
System info: host: 'DESKTOP-4FV6CFN', ip: '192.168.157.1', os.name: 'Windows 10', os.arch: 'amd64', os.version: '10.0', java.version: '1.8.0_121'
Driver info: org.openqa.selenium.firefox.FirefoxDriver
Capabilities [{moz:profile=C:\Users\郗睿杰\AppData\Local\Temp\rust_mozprofile.TRwlN4JkB0eh, rotatable=false, timeouts={implicit=0, pageLoad=300000, script=30000}, pageLoadStrategy=normal, platform=XP, specificationLevel=0, moz:accessibilityChecks=false, acceptInsecureCerts=true, browserVersion=55.0.3, platformVersion=10.0, moz:processID=16128, browserName=firefox, javascriptEnabled=true, platformName=XP}]
Session ID: 4988e03d-8fb7-42d1-93e9-45488bd5bea9
*** Element info: {Using=xpath, value=html/body/div[1]/div/ul[2]/li[3]/a}
	at sun.reflect.NativeConstructorAccessorImpl.newInstance0(Native Method)
	at sun.reflect.NativeConstructorAccessorImpl.newInstance(NativeConstructorAccessorImpl.java:62)
	at sun.reflect.DelegatingConstructorAccessorImpl.newInstance(DelegatingConstructorAccessorImpl.java:45)
	at java.lang.reflect.Constructor.newInstance(Constructor.java:423)
	at org.openqa.selenium.remote.http.W3CHttpResponseCodec.createException(W3CHttpResponseCodec.java:185)
	at org.openqa.selenium.remote.http.W3CHttpResponseCodec.decode(W3CHttpResponseCodec.java:120)
	at org.openqa.selenium.remote.http.W3CHttpResponseCodec.decode(W3CHttpResponseCodec.java:49)
	at org.openqa.selenium.remote.HttpCommandExecutor.execute(HttpCommandExecutor.java:164)
	at org.openqa.selenium.remote.service.DriverCommandExecutor.execute(DriverCommandExecutor.java:83)
	at org.openqa.selenium.remote.RemoteWebDriver.execute(RemoteWebDriver.java:586)
	at org.openqa.selenium.remote.RemoteWebDriver.findElement(RemoteWebDriver.java:356)
	at org.openqa.selenium.remote.RemoteWebDriver.findElementByXPath(RemoteWebDriver.java:458)
	at org.openqa.selenium.By$ByXPath.findElement(By.java:361)
	at org.openqa.selenium.remote.RemoteWebDriver.findElement(RemoteWebDriver.java:348)
	at MyOrder.MyOrderTest1.order(MyOrderTest1.java:21)
	at sun.reflect.NativeMethodAccessorImpl.invoke0(Native Method)
	at sun.reflect.NativeMethodAccessorImpl.invoke(NativeMethodAccessorImpl.java:62)
	at sun.reflect.DelegatingMethodAccessorImpl.invoke(DelegatingMethodAccessorImpl.java:43)
	at java.lang.reflect.Method.invoke(Method.java:498)
	at org.testng.internal.MethodInvocationHelper.invokeMethod(MethodInvocationHelper.java:85)
	at org.testng.internal.Invoker.invokeMethod(Invoker.java:639)
	at org.testng.internal.Invoker.invokeTestMethod(Invoker.java:816)
	at org.testng.internal.Invoker.invokeTestMethods(Invoker.java:1124)
	at org.testng.internal.TestMethodWorker.invokeTestMethods(TestMethodWorker.java:125)
	at org.testng.internal.TestMethodWorker.run(TestMethodWorker.java:108)
	at org.testng.TestRunner.privateRun(TestRunner.java:774)
	at org.testng.TestRunner.run(TestRunner.java:624)
	at org.testng.SuiteRunner.runTest(SuiteRunner.java:359)
	at org.testng.SuiteRunner.runSequentially(SuiteRunner.java:354)
	at org.testng.SuiteRunner.privateRun(SuiteRunner.java:312)
	at org.testng.SuiteRunner.run(SuiteRunner.java:261)
	at org.testng.SuiteRunnerWorker.runSuite(SuiteRunnerWorker.java:52)
	at org.testng.SuiteRunnerWorker.run(SuiteRunnerWorker.java:86)
	at org.testng.TestNG.runSuitesSequentially(TestNG.java:1215)
	at org.testng.TestNG.runSuitesLocally(TestNG.java:1140)
	at org.testng.TestNG.run(TestNG.java:1048)
	at org.testng.TestNG.privateMain(TestNG.java:1355)
	at org.testng.TestNG.main(TestNG.java:1324)
]]>
            </full-stacktrace>
          </exception> <!-- org.openqa.selenium.NoSuchElementException -->
          <reporter-output>
          </reporter-output>
        </test-method> <!-- order -->
      </class> <!-- MyOrder.MyOrderTest1 -->
    </test> <!-- Test -->
  </suite> <!-- Suite -->
</testng-results>
